[2019-01-31 15:17:18] local.ERROR: SQLSTATE[42S22]: Column not found: 1054 Unknown column 'password' in 'field list' (SQL: insert into `quiz_users` (`password`, `name`, `code`, `updated_at`, `created_at`) values ($2y$10$7G1wGI2d6ow5y7X7Yq.WMOBAeYF9cZidxdx6PsjEqFRS84pQjHfhK, TC-1, PSMOuwiI, 2019-01-31 15:17:18, 2019-01-31 15:17:18)) {"userId":1,"email":"waiyanhtun@ucsm.edu.mm","exception":"[object] (Illuminate\\Database\\QueryException(code: 42S22): SQLSTATE[42S22]: Column not found: 1054 Unknown column 'password' in 'field list' (SQL: insert into `quiz_users` (`password`, `name`, `code`, `updated_at`, `created_at`) values ($2y$10$7G1wGI2d6ow5y7X7Yq.WMOBAeYF9cZidxdx6PsjEqFRS84pQjHfhK, TC-1, PSMOuwiI, 2019-01-31 15:17:18, 2019-01-31 15:17:18)) at /opt/lampp/htdocs/UCSM_VotingAndQuiz_Project/UCSM_Voting/vendor/laravel/framework/src/Illuminate/Database/Connection.php:664, PDOException(code: 42S22): SQLSTATE[42S22]: Column not found: 1054 Unknown column 'password' in 'field list' at /opt/lampp/htdocs/UCSM_VotingAndQuiz_Project/UCSM_Voting/vendor/laravel/framework/src/Illuminate/Database/Connection.php:452)
[stacktrace]
#0 /opt/lampp/htdocs/UCSM_VotingAndQuiz_Project/UCSM_Voting/vendor/laravel/framework/src/Illuminate/Database/Connection.php(624): Illuminate\\Database\\Connection->runQueryCallback('insert into `qu...', Array, Object(Closure))
#1 /opt/lampp/htdocs/UCSM_VotingAndQuiz_Project/UCSM_Voting/vendor/laravel/framework/src/Illuminate/Database/Connection.php(459): Illuminate\\Database\\Connection->run('insert into `qu...', Array, Object(Closure))
#2 /opt/lampp/htdocs/UCSM_VotingAndQuiz_Project/UCSM_Voting/vendor/laravel/framework/src/Illuminate/Database/Connection.php(411): Illuminate\\Database\\Connection->statement('insert into `qu...', Array)
#3 /opt/lampp/htdocs/UCSM_VotingAndQuiz_Project/UCSM_Voting/vendor/laravel/framework/src/Illuminate/Database/Query/Processors/Processor.php(32): Illuminate\\Database\\Connection->insert('insert into `qu...', Array)
#4 /opt/lampp/htdocs/UCSM_VotingAndQuiz_Project/UCSM_Voting/vendor/laravel/framework/src/Illuminate/Database/Query/Builder.php(2628): Illuminate\\Database\\Query\\Processors\\Processor->processInsertGetId(Object(Illuminate\\Database\\Query\\Builder), 'insert into `qu...', Array, 'id')
#5 /opt/lampp/htdocs/UCSM_VotingAndQuiz_Project/UCSM_Voting/vendor/laravel/framework/src/Illuminate/Database/Eloquent/Builder.php(1318): Illuminate\\Database\\Query\\Builder->insertGetId(Array, 'id')
#6 /opt/lampp/htdocs/UCSM_VotingAndQuiz_Project/UCSM_Voting/vendor/laravel/framework/src/Illuminate/Database/Eloquent/Model.php(823): Illuminate\\Database\\Eloquent\\Builder->__call('insertGetId', Array)
#7 /opt/lampp/htdocs/UCSM_VotingAndQuiz_Project/UCSM_Voting/vendor/laravel/framework/src/Illuminate/Database/Eloquent/Model.php(788): Illuminate\\Database\\Eloquent\\Model->insertAndSetId(Object(Illuminate\\Database\\Eloquent\\Builder), Array)
#8 /opt/lampp/htdocs/UCSM_VotingAndQuiz_Project/UCSM_Voting/vendor/laravel/framework/src/Illuminate/Database/Eloquent/Model.php(651): Illuminate\\Database\\Eloquent\\Model->performInsert(Object(Illuminate\\Database\\Eloquent\\Builder))
#9 /opt/lampp/htdocs/UCSM_VotingAndQuiz_Project/UCSM_Voting/vendor/laravel/framework/src/Illuminate/Database/Eloquent/Builder.php(790): Illuminate\\Database\\Eloquent\\Model->save()
#10 /opt/lampp/htdocs/UCSM_VotingAndQuiz_Project/UCSM_Voting/vendor/laravel/framework/src/Illuminate/Support/helpers.php(1027): Illuminate\\Database\\Eloquent\\Builder->Illuminate\\Database\\Eloquent\\{closure}(Object(App\\Quiz_user))
#11 /opt/lampp/htdocs/UCSM_VotingAndQuiz_Project/UCSM_Voting/vendor/laravel/framework/src/Illuminate/Database/Eloquent/Builder.php(791): tap(Object(App\\Quiz_user), Object(Closure))
#12 /opt/lampp/htdocs/UCSM_VotingAndQuiz_Project/UCSM_Voting/vendor/laravel/framework/src/Illuminate/Support/Traits/ForwardsCalls.php(23): Illuminate\\Database\\Eloquent\\Builder->create(Array)
#13 /opt/lampp/htdocs/UCSM_VotingAndQuiz_Project/UCSM_Voting/vendor/laravel/framework/src/Illuminate/Database/Eloquent/Model.php(1608): Illuminate\\Database\\Eloquent\\Model->forwardCallTo(Object(Illuminate\\Database\\Eloquent\\Builder), 'create', Array)
#14 /opt/lampp/htdocs/UCSM_VotingAndQuiz_Project/UCSM_Voting/vendor/laravel/framework/src/Illuminate/Database/Eloquent/Model.php(1620): Illuminate\\Database\\Eloquent\\Model->__call('create', Array)
#15 /opt/lampp/htdocs/UCSM_VotingAndQuiz_Project/UCSM_Voting/routes/web.php(140): Illuminate\\Database\\Eloquent\\Model::__callStatic('create', Array)
#16 /opt/lampp/htdocs/UCSM_VotingAndQuiz_Project/UCSM_Voting/vendor/laravel/framework/src/Illuminate/Routing/Route.php(205): Illuminate\\Routing\\Router->{closure}()
#17 /opt/lampp/htdocs/UCSM_VotingAndQuiz_Project/UCSM_Voting/vendor/laravel/framework/src/Illuminate/Routing/Route.php(179): Illuminate\\Routing\\Route->runCallable()
#18 /opt/lampp/htdocs/UCSM_VotingAndQuiz_Project/UCSM_Voting/vendor/laravel/framework/src/Illuminate/Routing/Router.php(682): Illuminate\\Routing\\Route->run()
#19 /opt/lampp/htdocs/UCSM_VotingAndQuiz_Project/UCSM_Voting/vendor/laravel/framework/src/Illuminate/Routing/Pipeline.php(30): Illuminate\\Routing\\Router->Illuminate\\Routing\\{closure}(Object(Illuminate\\Http\\Request))
#20 /opt/lampp/htdocs/UCSM_VotingAndQuiz_Project/UCSM_Voting/vendor/laravel/framework/src/Illuminate/Routing/Middleware/SubstituteBindings.php(41): Illuminate\\Routing\\Pipeline->Illuminate\\Routing\\{closure}(Object(Illuminate\\Http\\Request))
#21 /opt/lampp/htdocs/UCSM_VotingAndQuiz_Project/UCSM_Voting/vendor/laravel/framework/src/Illuminate/Pipeline/Pipeline.php(151): Illuminate\\Routing\\Middleware\\SubstituteBindings->handle(Object(Illuminate\\Http\\Request), Object(Closure))
#22 /opt/lampp/htdocs/UCSM_VotingAndQuiz_Project/UCSM_Voting/vendor/laravel/framework/src/Illuminate/Routing/Pipeline.php(53): Illuminate\\Pipeline\\Pipeline->Illuminate\\Pipeline\\{closure}(Object(Illuminate\\Http\\Request))
#23 /opt/lampp/htdocs/UCSM_VotingAndQuiz_Project/UCSM_Voting/vendor/laravel/framework/src/Illuminate/Foundation/Http/Middleware/VerifyCsrfToken.php(75): Illuminate\\Routing\\Pipeline->Illuminate\\Routing\\{closure}(Object(Illuminate\\Http\\Request))
#24 /opt/lampp/htdocs/UCSM_VotingAndQuiz_Project/UCSM_Voting/vendor/laravel/framework/src/Illuminate/Pipeline/Pipeline.php(151): Illuminate\\Foundation\\Http\\Middleware\\VerifyCsrfToken->handle(Object(Illuminate\\Http\\Request), Object(Closure))
#25 /opt/lampp/htdocs/UCSM_VotingAndQuiz_Project/UCSM_Voting/vendor/laravel/framework/src/Illuminate/Routing/Pipeline.php(53): Illuminate\\Pipeline\\Pipeline->Illuminate\\Pipeline\\{closure}(Object(Illuminate\\Http\\Request))
#26 /opt/lampp/htdocs/UCSM_VotingAndQuiz_Project/UCSM_Voting/vendor/laravel/framework/src/Illuminate/View/Middleware/ShareErrorsFromSession.php(49): Illuminate\\Routing\\Pipeline->Illuminate\\Routing\\{closure}(Object(Illuminate\\Http\\Request))
#27 /opt/lampp/htdocs/UCSM_VotingAndQuiz_Project/UCSM_Voting/vendor/laravel/framework/src/Illuminate/Pipeline/Pipeline.php(151): Illuminate\\View\\Middleware\\ShareErrorsFromSession->handle(Object(Illuminate\\Http\\Request), Object(Closure))
#28 /opt/lampp/htdocs/UCSM_VotingAndQuiz_Project/UCSM_Voting/vendor/laravel/framework/src/Illuminate/Routing/Pipeline.php(53): Illuminate\\Pipeline\\Pipeline->Illuminate\\Pipeline\\{closure}(Object(Illuminate\\Http\\Request))
#29 /opt/lampp/htdocs/UCSM_VotingAndQuiz_Project/UCSM_Voting/vendor/laravel/framework/src/Illuminate/Session/Middleware/StartSession.php(63): Illuminate\\Routing\\Pipeline->Illuminate\\Routing\\{closure}(Object(Illuminate\\Http\\Request))
#30 /opt/lampp/htdocs/UCSM_VotingAndQuiz_Project/UCSM_Voting/vendor/laravel/framework/src/Illuminate/Pipeline/Pipeline.php(151): Illuminate\\Session\\Middleware\\StartSession->handle(Object(Illuminate\\Http\\Request), Object(Closure))
#31 /opt/lampp/htdocs/UCSM_VotingAndQuiz_Project/UCSM_Voting/vendor/laravel/framework/src/Illuminate/Routing/Pipeline.php(53): Illuminate\\Pipeline\\Pipeline->Illuminate\\Pipeline\\{closure}(Object(Illuminate\\Http\\Request))
#32 /opt/lampp/htdocs/UCSM_VotingAndQuiz_Project/UCSM_Voting/vendor/laravel/framework/src/Illuminate/Cookie/Middleware/AddQueuedCookiesToResponse.php(37): Illuminate\\Routing\\Pipeline->Illuminate\\Routing\\{closure}(Object(Illuminate\\Http\\Request))
#33 /opt/lampp/htdocs/UCSM_VotingAndQuiz_Project/UCSM_Voting/vendor/laravel/framework/src/Illuminate/Pipeline/Pipeline.php(151): Illuminate\\Cookie\\Middleware\\AddQueuedCookiesToResponse->handle(Object(Illuminate\\Http\\Request), Object(Closure))
#34 /opt/lampp/htdocs/UCSM_VotingAndQuiz_Project/UCSM_Voting/vendor/laravel/framework/src/Illuminate/Routing/Pipeline.php(53): Illuminate\\Pipeline\\Pipeline->Illuminate\\Pipeline\\{closure}(Object(Illuminate\\Http\\Request))
#35 /opt/lampp/htdocs/UCSM_VotingAndQuiz_Project/UCSM_Voting/vendor/laravel/framework/src/Illuminate/Cookie/Middleware/EncryptCookies.php(66): Illuminate\\Routing\\Pipeline->Illuminate\\Routing\\{closure}(Object(Illuminate\\Http\\Request))
#36 /opt/lampp/htdocs/UCSM_VotingAndQuiz_Project/UCSM_Voting/vendor/laravel/framework/src/Illuminate/Pipeline/Pipeline.php(151): Illuminate\\Cookie\\Middleware\\EncryptCookies->handle(Object(Illuminate\\Http\\Request), Object(Closure))
#37 /opt/lampp/htdocs/UCSM_VotingAndQuiz_Project/UCSM_Voting/vendor/laravel/framework/src/Illuminate/Routing/Pipeline.php(53): Illuminate\\Pipeline\\Pipeline->Illuminate\\Pipeline\\{closure}(Object(Illuminate\\Http\\Request))
#38 /opt/lampp/htdocs/UCSM_VotingAndQuiz_Project/UCSM_Voting/vendor/laravel/framework/src/Illuminate/Pipeline/Pipeline.php(104): Illuminate\\Routing\\Pipeline->Illuminate\\Routing\\{closure}(Object(Illuminate\\Http\\Request))
#39 /opt/lampp/htdocs/UCSM_VotingAndQuiz_Project/UCSM_Voting/vendor/laravel/framework/src/Illuminate/Routing/Router.php(684): Illuminate\\Pipeline\\Pipeline->then(Object(Closure))
#40 /opt/lampp/htdocs/UCSM_VotingAndQuiz_Project/UCSM_Voting/vendor/laravel/framework/src/Illuminate/Routing/Router.php(659): Illuminate\\Routing\\Router->runRouteWithinStack(Object(Illuminate\\Routing\\Route), Object(Illuminate\\Http\\Request))
#41 /opt/lampp/htdocs/UCSM_VotingAndQuiz_Project/UCSM_Voting/vendor/laravel/framework/src/Illuminate/Routing/Router.php(625): Illuminate\\Routing\\Router->runRoute(Object(Illuminate\\Http\\Request), Object(Illuminate\\Routing\\Route))
#42 /opt/lampp/htdocs/UCSM_VotingAndQuiz_Project/UCSM_Voting/vendor/laravel/framework/src/Illuminate/Routing/Router.php(614): Illuminate\\Routing\\Router->dispatchToRoute(Object(Illuminate\\Http\\Request))
#43 /opt/lampp/htdocs/UCSM_VotingAndQuiz_Project/UCSM_Voting/vendor/laravel/framework/src/Illuminate/Foundation/Http/Kernel.php(176): Illuminate\\Routing\\Router->dispatch(Object(Illuminate\\Http\\Request))
#44 /opt/lampp/htdocs/UCSM_VotingAndQuiz_Project/UCSM_Voting/vendor/laravel/framework/src/Illuminate/Routing/Pipeline.php(30): Illuminate\\Foundation\\Http\\Kernel->Illuminate\\Foundation\\Http\\{closure}(Object(Illuminate\\Http\\Request))
#45 /opt/lampp/htdocs/UCSM_VotingAndQuiz_Project/UCSM_Voting/vendor/fideloper/proxy/src/TrustProxies.php(57): Illuminate\\Routing\\Pipeline->Illuminate\\Routing\\{closure}(Object(Illuminate\\Http\\Request))
#46 /opt/lampp/htdocs/UCSM_VotingAndQuiz_Project/UCSM_Voting/vendor/laravel/framework/src/Illuminate/Pipeline/Pipeline.php(151): Fideloper\\Proxy\\TrustProxies->handle(Object(Illuminate\\Http\\Request), Object(Closure))
#47 /opt/lampp/htdocs/UCSM_VotingAndQuiz_Project/UCSM_Voting/vendor/laravel/framework/src/Illuminate/Routing/Pipeline.php(53): Illuminate\\Pipeline\\Pipeline->Illuminate\\Pipeline\\{closure}(Object(Illuminate\\Http\\Request))
#48 /opt/lampp/htdocs/UCSM_VotingAndQuiz_Project/UCSM_Voting/vendor/laravel/framework/src/Illuminate/Foundation/Http/Middleware/TransformsRequest.php(31): Illuminate\\Routing\\Pipeline->Illuminate\\Routing\\{closure}(Object(Illuminate\\Http\\Request))
#49 /opt/lampp/htdocs/UCSM_VotingAndQuiz_Project/UCSM_Voting/vendor/laravel/framework/src/Illuminate/Pipeline/Pipeline.php(151): Illuminate\\Foundation\\Http\\Middleware\\TransformsRequest->handle(Object(Illuminate\\Http\\Request), Object(Closure))
#50 /opt/lampp/htdocs/UCSM_VotingAndQuiz_Project/UCSM_Voting/vendor/laravel/framework/src/Illuminate/Routing/Pipeline.php(53): Illuminate\\Pipeline\\Pipeline->Illuminate\\Pipeline\\{closure}(Object(Illuminate\\Http\\Request))
#51 /opt/lampp/htdocs/UCSM_VotingAndQuiz_Project/UCSM_Voting/vendor/laravel/framework/src/Illuminate/Foundation/Http/Middleware/TransformsRequest.php(31): Illuminate\\Routing\\Pipeline->Illuminate\\Routing\\{closure}(Object(Illuminate\\Http\\Request))
#52 /opt/lampp/htdocs/UCSM_VotingAndQuiz_Project/UCSM_Voting/vendor/laravel/framework/src/Illuminate/Pipeline/Pipeline.php(151): Illuminate\\Foundation\\Http\\Middleware\\TransformsRequest->handle(Object(Illuminate\\Http\\Request), Object(Closure))
#53 /opt/lampp/htdocs/UCSM_VotingAndQuiz_Project/UCSM_Voting/vendor/laravel/framework/src/Illuminate/Routing/Pipeline.php(53): Illuminate\\Pipeline\\Pipeline->Illuminate\\Pipeline\\{closure}(Object(Illuminate\\Http\\Request))
#54 /opt/lampp/htdocs/UCSM_VotingAndQuiz_Project/UCSM_Voting/vendor/laravel/framework/src/Illuminate/Foundation/Http/Middleware/ValidatePostSize.php(27): Illuminate\\Routing\\Pipeline->Illuminate\\Routing\\{closure}(Object(Illuminate\\Http\\Request))
#55 /opt/lampp/htdocs/UCSM_VotingAndQuiz_Project/UCSM_Voting/vendor/laravel/framework/src/Illuminate/Pipeline/Pipeline.php(151): Illuminate\\Foundation\\Http\\Middleware\\ValidatePostSize->handle(Object(Illuminate\\Http\\Request), Object(Closure))
#56 /opt/lampp/htdocs/UCSM_VotingAndQuiz_Project/UCSM_Voting/vendor/laravel/framework/src/Illuminate/Routing/Pipeline.php(53): Illuminate\\Pipeline\\Pipeline->Illuminate\\Pipeline\\{closure}(Object(Illuminate\\Http\\Request))
#57 /opt/lampp/htdocs/UCSM_VotingAndQuiz_Project/UCSM_Voting/vendor/laravel/framework/src/Illuminate/Foundation/Http/Middleware/CheckForMaintenanceMode.php(62): Illuminate\\Routing\\Pipeline->Illuminate\\Routing\\{closure}(Object(Illuminate\\Http\\Request))
#58 /opt/lampp/htdocs/UCSM_VotingAndQuiz_Project/UCSM_Voting/vendor/laravel/framework/src/Illuminate/Pipeline/Pipeline.php(151): Illuminate\\Foundation\\Http\\Middleware\\CheckForMaintenanceMode->handle(Object(Illuminate\\Http\\Request), Object(Closure))
#59 /opt/lampp/htdocs/UCSM_VotingAndQuiz_Project/UCSM_Voting/vendor/laravel/framework/src/Illuminate/Routing/Pipeline.php(53): Illuminate\\Pipeline\\Pipeline->Illuminate\\Pipeline\\{closure}(Object(Illuminate\\Http\\Request))
#60 /opt/lampp/htdocs/UCSM_VotingAndQuiz_Project/UCSM_Voting/vendor/laravel/framework/src/Illuminate/Pipeline/Pipeline.php(104): Illuminate\\Routing\\Pipeline->Illuminate\\Routing\\{closure}(Object(Illuminate\\Http\\Request))
#61 /opt/lampp/htdocs/UCSM_VotingAndQuiz_Project/UCSM_Voting/vendor/laravel/framework/src/Illuminate/Foundation/Http/Kernel.php(151): Illuminate\\Pipeline\\Pipeline->then(Object(Closure))
#62 /opt/lampp/htdocs/UCSM_VotingAndQuiz_Project/UCSM_Voting/vendor/laravel/framework/src/Illuminate/Foundation/Http/Kernel.php(116): Illuminate\\Foundation\\Http\\Kernel->sendRequestThroughRouter(Object(Illuminate\\Http\\Request))
#63 /opt/lampp/htdocs/UCSM_VotingAndQuiz_Project/UCSM_Voting/public/index.php(55): Illuminate\\Foundation\\Http\\Kernel->handle(Object(Illuminate\\Http\\Request))
#64 {main}
"} 
[2019-01-31 15:18:56] local.ERROR: SQLSTATE[42S22]: Column not found: 1054 Unknown column 'password' in 'field list' (SQL: insert into `quiz_users` (`password`, `name`, `code`, `updated_at`, `created_at`) values ($2y$10$lNTx4mIuHYmwpQgtdaTwBu0MuVY5RflIv6Fu94kLfs.8GajFujAke, TC-1, ou5MwCrD, 2019-01-31 15:18:56, 2019-01-31 15:18:56)) {"userId":1,"email":"waiyanhtun@ucsm.edu.mm","exception":"[object] (Illuminate\\Database\\QueryException(code: 42S22): SQLSTATE[42S22]: Column not found: 1054 Unknown column 'password' in 'field list' (SQL: insert into `quiz_users` (`password`, `name`, `code`, `updated_at`, `created_at`) values ($2y$10$lNTx4mIuHYmwpQgtdaTwBu0MuVY5RflIv6Fu94kLfs.8GajFujAke, TC-1, ou5MwCrD, 2019-01-31 15:18:56, 2019-01-31 15:18:56)) at /opt/lampp/htdocs/UCSM_VotingAndQuiz_Project/UCSM_Voting/vendor/laravel/framework/src/Illuminate/Database/Connection.php:664, PDOException(code: 42S22): SQLSTATE[42S22]: Column not found: 1054 Unknown column 'password' in 'field list' at /opt/lampp/htdocs/UCSM_VotingAndQuiz_Project/UCSM_Voting/vendor/laravel/framework/src/Illuminate/Database/Connection.php:452)
[stacktrace]
#0 /opt/lampp/htdocs/UCSM_VotingAndQuiz_Project/UCSM_Voting/vendor/laravel/framework/src/Illuminate/Database/Connection.php(624): Illuminate\\Database\\Connection->runQueryCallback('insert into `qu...', Array, Object(Closure))
#1 /opt/lampp/htdocs/UCSM_VotingAndQuiz_Project/UCSM_Voting/vendor/laravel/framework/src/Illuminate/Database/Connection.php(459): Illuminate\\Database\\Connection->run('insert into `qu...', Array, Object(Closure))
#2 /opt/lampp/htdocs/UCSM_VotingAndQuiz_Project/UCSM_Voting/vendor/laravel/framework/src/Illuminate/Database/Connection.php(411): Illuminate\\Database\\Connection->statement('insert into `qu...', Array)
#3 /opt/lampp/htdocs/UCSM_VotingAndQuiz_Project/UCSM_Voting/vendor/laravel/framework/src/Illuminate/Database/Query/Processors/Processor.php(32): Illuminate\\Database\\Connection->insert('insert into `qu...', Array)
#4 /opt/lampp/htdocs/UCSM_VotingAndQuiz_Project/UCSM_Voting/vendor/laravel/framework/src/Illuminate/Database/Query/Builder.php(2628): Illuminate\\Database\\Query\\Processors\\Processor->processInsertGetId(Object(Illuminate\\Database\\Query\\Builder), 'insert into `qu...', Array, 'id')
#5 /opt/lampp/htdocs/UCSM_VotingAndQuiz_Project/UCSM_Voting/vendor/laravel/framework/src/Illuminate/Database/Eloquent/Builder.php(1318): Illuminate\\Database\\Query\\Builder->insertGetId(Array, 'id')
#6 /opt/lampp/htdocs/UCSM_VotingAndQuiz_Project/UCSM_Voting/vendor/laravel/framework/src/Illuminate/Database/Eloquent/Model.php(823): Illuminate\\Database\\Eloquent\\Builder->__call('insertGetId', Array)
#7 /opt/lampp/htdocs/UCSM_VotingAndQuiz_Project/UCSM_Voting/vendor/laravel/framework/src/Illuminate/Database/Eloquent/Model.php(788): Illuminate\\Database\\Eloquent\\Model->insertAndSetId(Object(Illuminate\\Database\\Eloquent\\Builder), Array)
#8 /opt/lampp/htdocs/UCSM_VotingAndQuiz_Project/UCSM_Voting/vendor/laravel/framework/src/Illuminate/Database/Eloquent/Model.php(651): Illuminate\\Database\\Eloquent\\Model->performInsert(Object(Illuminate\\Database\\Eloquent\\Builder))
#9 /opt/lampp/htdocs/UCSM_VotingAndQuiz_Project/UCSM_Voting/vendor/laravel/framework/src/Illuminate/Database/Eloquent/Builder.php(790): Illuminate\\Database\\Eloquent\\Model->save()
#10 /opt/lampp/htdocs/UCSM_VotingAndQuiz_Project/UCSM_Voting/vendor/laravel/framework/src/Illuminate/Support/helpers.php(1027): Illuminate\\Database\\Eloquent\\Builder->Illuminate\\Database\\Eloquent\\{closure}(Object(App\\Quiz_user))
#11 /opt/lampp/htdocs/UCSM_VotingAndQuiz_Project/UCSM_Voting/vendor/laravel/framework/src/Illuminate/Database/Eloquent/Builder.php(791): tap(Object(App\\Quiz_user), Object(Closure))
#12 /opt/lampp/htdocs/UCSM_VotingAndQuiz_Project/UCSM_Voting/vendor/laravel/framework/src/Illuminate/Support/Traits/ForwardsCalls.php(23): Illuminate\\Database\\Eloquent\\Builder->create(Array)
#13 /opt/lampp/htdocs/UCSM_VotingAndQuiz_Project/UCSM_Voting/vendor/laravel/framework/src/Illuminate/Database/Eloquent/Model.php(1608): Illuminate\\Database\\Eloquent\\Model->forwardCallTo(Object(Illuminate\\Database\\Eloquent\\Builder), 'create', Array)
#14 /opt/lampp/htdocs/UCSM_VotingAndQuiz_Project/UCSM_Voting/vendor/laravel/framework/src/Illuminate/Database/Eloquent/Model.php(1620): Illuminate\\Database\\Eloquent\\Model->__call('create', Array)
#15 /opt/lampp/htdocs/UCSM_VotingAndQuiz_Project/UCSM_Voting/routes/web.php(140): Illuminate\\Database\\Eloquent\\Model::__callStatic('create', Array)
#16 /opt/lampp/htdocs/UCSM_VotingAndQuiz_Project/UCSM_Voting/vendor/laravel/framework/src/Illuminate/Routing/Route.php(205): Illuminate\\Routing\\Router->{closure}()
#17 /opt/lampp/htdocs/UCSM_VotingAndQuiz_Project/UCSM_Voting/vendor/laravel/framework/src/Illuminate/Routing/Route.php(179): Illuminate\\Routing\\Route->runCallable()
#18 /opt/lampp/htdocs/UCSM_VotingAndQuiz_Project/UCSM_Voting/vendor/laravel/framework/src/Illuminate/Routing/Router.php(682): Illuminate\\Routing\\Route->run()
#19 /opt/lampp/htdocs/UCSM_VotingAndQuiz_Project/UCSM_Voting/vendor/laravel/framework/src/Illuminate/Routing/Pipeline.php(30): Illuminate\\Routing\\Router->Illuminate\\Routing\\{closure}(Object(Illuminate\\Http\\Request))
#20 /opt/lampp/htdocs/UCSM_VotingAndQuiz_Project/UCSM_Voting/vendor/laravel/framework/src/Illuminate/Routing/Middleware/SubstituteBindings.php(41): Illuminate\\Routing\\Pipeline->Illuminate\\Routing\\{closure}(Object(Illuminate\\Http\\Request))
#21 /opt/lampp/htdocs/UCSM_VotingAndQuiz_Project/UCSM_Voting/vendor/laravel/framework/src/Illuminate/Pipeline/Pipeline.php(151): Illuminate\\Routing\\Middleware\\SubstituteBindings->handle(Object(Illuminate\\Http\\Request), Object(Closure))
#22 /opt/lampp/htdocs/UCSM_VotingAndQuiz_Project/UCSM_Voting/vendor/laravel/framework/src/Illuminate/Routing/Pipeline.php(53): Illuminate\\Pipeline\\Pipeline->Illuminate\\Pipeline\\{closure}(Object(Illuminate\\Http\\Request))
#23 /opt/lampp/htdocs/UCSM_VotingAndQuiz_Project/UCSM_Voting/vendor/laravel/framework/src/Illuminate/Foundation/Http/Middleware/VerifyCsrfToken.php(75): Illuminate\\Routing\\Pipeline->Illuminate\\Routing\\{closure}(Object(Illuminate\\Http\\Request))
#24 /opt/lampp/htdocs/UCSM_VotingAndQuiz_Project/UCSM_Voting/vendor/laravel/framework/src/Illuminate/Pipeline/Pipeline.php(151): Illuminate\\Foundation\\Http\\Middleware\\VerifyCsrfToken->handle(Object(Illuminate\\Http\\Request), Object(Closure))
#25 /opt/lampp/htdocs/UCSM_VotingAndQuiz_Project/UCSM_Voting/vendor/laravel/framework/src/Illuminate/Routing/Pipeline.php(53): Illuminate\\Pipeline\\Pipeline->Illuminate\\Pipeline\\{closure}(Object(Illuminate\\Http\\Request))
#26 /opt/lampp/htdocs/UCSM_VotingAndQuiz_Project/UCSM_Voting/vendor/laravel/framework/src/Illuminate/View/Middleware/ShareErrorsFromSession.php(49): Illuminate\\Routing\\Pipeline->Illuminate\\Routing\\{closure}(Object(Illuminate\\Http\\Request))
#27 /opt/lampp/htdocs/UCSM_VotingAndQuiz_Project/UCSM_Voting/vendor/laravel/framework/src/Illuminate/Pipeline/Pipeline.php(151): Illuminate\\View\\Middleware\\ShareErrorsFromSession->handle(Object(Illuminate\\Http\\Request), Object(Closure))
#28 /opt/lampp/htdocs/UCSM_VotingAndQuiz_Project/UCSM_Voting/vendor/laravel/framework/src/Illuminate/Routing/Pipeline.php(53): Illuminate\\Pipeline\\Pipeline->Illuminate\\Pipeline\\{closure}(Object(Illuminate\\Http\\Request))
#29 /opt/lampp/htdocs/UCSM_VotingAndQuiz_Project/UCSM_Voting/vendor/laravel/framework/src/Illuminate/Session/Middleware/StartSession.php(63): Illuminate\\Routing\\Pipeline->Illuminate\\Routing\\{closure}(Object(Illuminate\\Http\\Request))
#30 /opt/lampp/htdocs/UCSM_VotingAndQuiz_Project/UCSM_Voting/vendor/laravel/framework/src/Illuminate/Pipeline/Pipeline.php(151): Illuminate\\Session\\Middleware\\StartSession->handle(Object(Illuminate\\Http\\Request), Object(Closure))
#31 /opt/lampp/htdocs/UCSM_VotingAndQuiz_Project/UCSM_Voting/vendor/laravel/framework/src/Illuminate/Routing/Pipeline.php(53): Illuminate\\Pipeline\\Pipeline->Illuminate\\Pipeline\\{closure}(Object(Illuminate\\Http\\Request))
#32 /opt/lampp/htdocs/UCSM_VotingAndQuiz_Project/UCSM_Voting/vendor/laravel/framework/src/Illuminate/Cookie/Middleware/AddQueuedCookiesToResponse.php(37): Illuminate\\Routing\\Pipeline->Illuminate\\Routing\\{closure}(Object(Illuminate\\Http\\Request))
#33 /opt/lampp/htdocs/UCSM_VotingAndQuiz_Project/UCSM_Voting/vendor/laravel/framework/src/Illuminate/Pipeline/Pipeline.php(151): Illuminate\\Cookie\\Middleware\\AddQueuedCookiesToResponse->handle(Object(Illuminate\\Http\\Request), Object(Closure))
#34 /opt/lampp/htdocs/UCSM_VotingAndQuiz_Project/UCSM_Voting/vendor/laravel/framework/src/Illuminate/Routing/Pipeline.php(53): Illuminate\\Pipeline\\Pipeline->Illuminate\\Pipeline\\{closure}(Object(Illuminate\\Http\\Request))
#35 /opt/lampp/htdocs/UCSM_VotingAndQuiz_Project/UCSM_Voting/vendor/laravel/framework/src/Illuminate/Cookie/Middleware/EncryptCookies.php(66): Illuminate\\Routing\\Pipeline->Illuminate\\Routing\\{closure}(Object(Illuminate\\Http\\Request))
#36 /opt/lampp/htdocs/UCSM_VotingAndQuiz_Project/UCSM_Voting/vendor/laravel/framework/src/Illuminate/Pipeline/Pipeline.php(151): Illuminate\\Cookie\\Middleware\\EncryptCookies->handle(Object(Illuminate\\Http\\Request), Object(Closure))
#37 /opt/lampp/htdocs/UCSM_VotingAndQuiz_Project/UCSM_Voting/vendor/laravel/framework/src/Illuminate/Routing/Pipeline.php(53): Illuminate\\Pipeline\\Pipeline->Illuminate\\Pipeline\\{closure}(Object(Illuminate\\Http\\Request))
#38 /opt/lampp/htdocs/UCSM_VotingAndQuiz_Project/UCSM_Voting/vendor/laravel/framework/src/Illuminate/Pipeline/Pipeline.php(104): Illuminate\\Routing\\Pipeline->Illuminate\\Routing\\{closure}(Object(Illuminate\\Http\\Request))
#39 /opt/lampp/htdocs/UCSM_VotingAndQuiz_Project/UCSM_Voting/vendor/laravel/framework/src/Illuminate/Routing/Router.php(684): Illuminate\\Pipeline\\Pipeline->then(Object(Closure))
#40 /opt/lampp/htdocs/UCSM_VotingAndQuiz_Project/UCSM_Voting/vendor/laravel/framework/src/Illuminate/Routing/Router.php(659): Illuminate\\Routing\\Router->runRouteWithinStack(Object(Illuminate\\Routing\\Route), Object(Illuminate\\Http\\Request))
#41 /opt/lampp/htdocs/UCSM_VotingAndQuiz_Project/UCSM_Voting/vendor/laravel/framework/src/Illuminate/Routing/Router.php(625): Illuminate\\Routing\\Router->runRoute(Object(Illuminate\\Http\\Request), Object(Illuminate\\Routing\\Route))
#42 /opt/lampp/htdocs/UCSM_VotingAndQuiz_Project/UCSM_Voting/vendor/laravel/framework/src/Illuminate/Routing/Router.php(614): Illuminate\\Routing\\Router->dispatchToRoute(Object(Illuminate\\Http\\Request))
#43 /opt/lampp/htdocs/UCSM_VotingAndQuiz_Project/UCSM_Voting/vendor/laravel/framework/src/Illuminate/Foundation/Http/Kernel.php(176): Illuminate\\Routing\\Router->dispatch(Object(Illuminate\\Http\\Request))
#44 /opt/lampp/htdocs/UCSM_VotingAndQuiz_Project/UCSM_Voting/vendor/laravel/framework/src/Illuminate/Routing/Pipeline.php(30): Illuminate\\Foundation\\Http\\Kernel->Illuminate\\Foundation\\Http\\{closure}(Object(Illuminate\\Http\\Request))
#45 /opt/lampp/htdocs/UCSM_VotingAndQuiz_Project/UCSM_Voting/vendor/fideloper/proxy/src/TrustProxies.php(57): Illuminate\\Routing\\Pipeline->Illuminate\\Routing\\{closure}(Object(Illuminate\\Http\\Request))
#46 /opt/lampp/htdocs/UCSM_VotingAndQuiz_Project/UCSM_Voting/vendor/laravel/framework/src/Illuminate/Pipeline/Pipeline.php(151): Fideloper\\Proxy\\TrustProxies->handle(Object(Illuminate\\Http\\Request), Object(Closure))
#47 /opt/lampp/htdocs/UCSM_VotingAndQuiz_Project/UCSM_Voting/vendor/laravel/framework/src/Illuminate/Routing/Pipeline.php(53): Illuminate\\Pipeline\\Pipeline->Illuminate\\Pipeline\\{closure}(Object(Illuminate\\Http\\Request))
#48 /opt/lampp/htdocs/UCSM_VotingAndQuiz_Project/UCSM_Voting/vendor/laravel/framework/src/Illuminate/Foundation/Http/Middleware/TransformsRequest.php(31): Illuminate\\Routing\\Pipeline->Illuminate\\Routing\\{closure}(Object(Illuminate\\Http\\Request))
#49 /opt/lampp/htdocs/UCSM_VotingAndQuiz_Project/UCSM_Voting/vendor/laravel/framework/src/Illuminate/Pipeline/Pipeline.php(151): Illuminate\\Foundation\\Http\\Middleware\\TransformsRequest->handle(Object(Illuminate\\Http\\Request), Object(Closure))
#50 /opt/lampp/htdocs/UCSM_VotingAndQuiz_Project/UCSM_Voting/vendor/laravel/framework/src/Illuminate/Routing/Pipeline.php(53): Illuminate\\Pipeline\\Pipeline->Illuminate\\Pipeline\\{closure}(Object(Illuminate\\Http\\Request))
#51 /opt/lampp/htdocs/UCSM_VotingAndQuiz_Project/UCSM_Voting/vendor/laravel/framework/src/Illuminate/Foundation/Http/Middleware/TransformsRequest.php(31): Illuminate\\Routing\\Pipeline->Illuminate\\Routing\\{closure}(Object(Illuminate\\Http\\Request))
#52 /opt/lampp/htdocs/UCSM_VotingAndQuiz_Project/UCSM_Voting/vendor/laravel/framework/src/Illuminate/Pipeline/Pipeline.php(151): Illuminate\\Foundation\\Http\\Middleware\\TransformsRequest->handle(Object(Illuminate\\Http\\Request), Object(Closure))
#53 /opt/lampp/htdocs/UCSM_VotingAndQuiz_Project/UCSM_Voting/vendor/laravel/framework/src/Illuminate/Routing/Pipeline.php(53): Illuminate\\Pipeline\\Pipeline->Illuminate\\Pipeline\\{closure}(Object(Illuminate\\Http\\Request))
#54 /opt/lampp/htdocs/UCSM_VotingAndQuiz_Project/UCSM_Voting/vendor/laravel/framework/src/Illuminate/Foundation/Http/Middleware/ValidatePostSize.php(27): Illuminate\\Routing\\Pipeline->Illuminate\\Routing\\{closure}(Object(Illuminate\\Http\\Request))
#55 /opt/lampp/htdocs/UCSM_VotingAndQuiz_Project/UCSM_Voting/vendor/laravel/framework/src/Illuminate/Pipeline/Pipeline.php(151): Illuminate\\Foundation\\Http\\Middleware\\ValidatePostSize->handle(Object(Illuminate\\Http\\Request), Object(Closure))
#56 /opt/lampp/htdocs/UCSM_VotingAndQuiz_Project/UCSM_Voting/vendor/laravel/framework/src/Illuminate/Routing/Pipeline.php(53): Illuminate\\Pipeline\\Pipeline->Illuminate\\Pipeline\\{closure}(Object(Illuminate\\Http\\Request))
#57 /opt/lampp/htdocs/UCSM_VotingAndQuiz_Project/UCSM_Voting/vendor/laravel/framework/src/Illuminate/Foundation/Http/Middleware/CheckForMaintenanceMode.php(62): Illuminate\\Routing\\Pipeline->Illuminate\\Routing\\{closure}(Object(Illuminate\\Http\\Request))
#58 /opt/lampp/htdocs/UCSM_VotingAndQuiz_Project/UCSM_Voting/vendor/laravel/framework/src/Illuminate/Pipeline/Pipeline.php(151): Illuminate\\Foundation\\Http\\Middleware\\CheckForMaintenanceMode->handle(Object(Illuminate\\Http\\Request), Object(Closure))
#59 /opt/lampp/htdocs/UCSM_VotingAndQuiz_Project/UCSM_Voting/vendor/laravel/framework/src/Illuminate/Routing/Pipeline.php(53): Illuminate\\Pipeline\\Pipeline->Illuminate\\Pipeline\\{closure}(Object(Illuminate\\Http\\Request))
#60 /opt/lampp/htdocs/UCSM_VotingAndQuiz_Project/UCSM_Voting/vendor/laravel/framework/src/Illuminate/Pipeline/Pipeline.php(104): Illuminate\\Routing\\Pipeline->Illuminate\\Routing\\{closure}(Object(Illuminate\\Http\\Request))
#61 /opt/lampp/htdocs/UCSM_VotingAndQuiz_Project/UCSM_Voting/vendor/laravel/framework/src/Illuminate/Foundation/Http/Kernel.php(151): Illuminate\\Pipeline\\Pipeline->then(Object(Closure))
#62 /opt/lampp/htdocs/UCSM_VotingAndQuiz_Project/UCSM_Voting/vendor/laravel/framework/src/Illuminate/Foundation/Http/Kernel.php(116): Illuminate\\Foundation\\Http\\Kernel->sendRequestThroughRouter(Object(Illuminate\\Http\\Request))
#63 /opt/lampp/htdocs/UCSM_VotingAndQuiz_Project/UCSM_Voting/public/index.php(55): Illuminate\\Foundation\\Http\\Kernel->handle(Object(Illuminate\\Http\\Request))
#64 {main}
"} 
[2019-01-31 15:22:30] local.ERROR: could not find driver (SQL: select * from information_schema.tables where table_schema = Vote and table_name = migrations) {"exception":"[object] (Illuminate\\Database\\QueryException(code: 0): could not find driver (SQL: select * from information_schema.tables where table_schema = Vote and table_name = migrations) at /opt/lampp/htdocs/UCSM_VotingAndQuiz_Project/UCSM_Voting/vendor/laravel/framework/src/Illuminate/Database/Connection.php:664, PDOException(code: 0): could not find driver at /opt/lampp/htdocs/UCSM_VotingAndQuiz_Project/UCSM_Voting/vendor/laravel/framework/src/Illuminate/Database/Connectors/Connector.php:70)
[stacktrace]
#0 /opt/lampp/htdocs/UCSM_VotingAndQuiz_Project/UCSM_Voting/vendor/laravel/framework/src/Illuminate/Database/Connection.php(624): Illuminate\\Database\\Connection->runQueryCallback('select * from i...', Array, Object(Closure))
#1 /opt/lampp/htdocs/UCSM_VotingAndQuiz_Project/UCSM_Voting/vendor/laravel/framework/src/Illuminate/Database/Connection.php(333): Illuminate\\Database\\Connection->run('select * from i...', Array, Object(Closure))
#2 /opt/lampp/htdocs/UCSM_VotingAndQuiz_Project/UCSM_Voting/vendor/laravel/framework/src/Illuminate/Database/Schema/MySqlBuilder.php(18): Illuminate\\Database\\Connection->select('select * from i...', Array)
#3 /opt/lampp/htdocs/UCSM_VotingAndQuiz_Project/UCSM_Voting/vendor/laravel/framework/src/Illuminate/Database/Migrations/DatabaseMigrationRepository.php(169): Illuminate\\Database\\Schema\\MySqlBuilder->hasTable('migrations')
#4 /opt/lampp/htdocs/UCSM_VotingAndQuiz_Project/UCSM_Voting/vendor/laravel/framework/src/Illuminate/Database/Migrations/Migrator.php(556): Illuminate\\Database\\Migrations\\DatabaseMigrationRepository->repositoryExists()
#5 /opt/lampp/htdocs/UCSM_VotingAndQuiz_Project/UCSM_Voting/vendor/laravel/framework/src/Illuminate/Database/Console/Migrations/ResetCommand.php(63): Illuminate\\Database\\Migrations\\Migrator->repositoryExists()
#6 [internal function]: Illuminate\\Database\\Console\\Migrations\\ResetCommand->handle()
#7 /opt/lampp/htdocs/UCSM_VotingAndQuiz_Project/UCSM_Voting/vendor/laravel/framework/src/Illuminate/Container/BoundMethod.php(29): call_user_func_array(Array, Array)
#8 /opt/lampp/htdocs/UCSM_VotingAndQuiz_Project/UCSM_Voting/vendor/laravel/framework/src/Illuminate/Container/BoundMethod.php(87): Illuminate\\Container\\BoundMethod::Illuminate\\Container\\{closure}()
#9 /opt/lampp/htdocs/UCSM_VotingAndQuiz_Project/UCSM_Voting/vendor/laravel/framework/src/Illuminate/Container/BoundMethod.php(31): Illuminate\\Container\\BoundMethod::callBoundMethod(Object(Illuminate\\Foundation\\Application), Array, Object(Closure))
#10 /opt/lampp/htdocs/UCSM_VotingAndQuiz_Project/UCSM_Voting/vendor/laravel/framework/src/Illuminate/Container/Container.php(572): Illuminate\\Container\\BoundMethod::call(Object(Illuminate\\Foundation\\Application), Array, Array, NULL)
#11 /opt/lampp/htdocs/UCSM_VotingAndQuiz_Project/UCSM_Voting/vendor/laravel/framework/src/Illuminate/Console/Command.php(183): Illuminate\\Container\\Container->call(Array)
#12 /opt/lampp/htdocs/UCSM_VotingAndQuiz_Project/UCSM_Voting/vendor/symfony/console/Command/Command.php(255): Illuminate\\Console\\Command->execute(Object(Symfony\\Component\\Console\\Input\\ArrayInput), Object(Illuminate\\Console\\OutputStyle))
#13 /opt/lampp/htdocs/UCSM_VotingAndQuiz_Project/UCSM_Voting/vendor/laravel/framework/src/Illuminate/Console/Command.php(170): Symfony\\Component\\Console\\Command\\Command->run(Object(Symfony\\Component\\Console\\Input\\ArrayInput), Object(Illuminate\\Console\\OutputStyle))
#14 /opt/lampp/htdocs/UCSM_VotingAndQuiz_Project/UCSM_Voting/vendor/laravel/framework/src/Illuminate/Console/Command.php(198): Illuminate\\Console\\Command->run(Object(Symfony\\Component\\Console\\Input\\ArrayInput), Object(Illuminate\\Console\\OutputStyle))
#15 /opt/lampp/htdocs/UCSM_VotingAndQuiz_Project/UCSM_Voting/vendor/laravel/framework/src/Illuminate/Database/Console/Migrations/RefreshCommand.php(100): Illuminate\\Console\\Command->call('migrate:reset', Array)
#16 /opt/lampp/htdocs/UCSM_VotingAndQuiz_Project/UCSM_Voting/vendor/laravel/framework/src/Illuminate/Database/Console/Migrations/RefreshCommand.php(53): Illuminate\\Database\\Console\\Migrations\\RefreshCommand->runReset(NULL, NULL)
#17 [internal function]: Illuminate\\Database\\Console\\Migrations\\RefreshCommand->handle()
#18 /opt/lampp/htdocs/UCSM_VotingAndQuiz_Project/UCSM_Voting/vendor/laravel/framework/src/Illuminate/Container/BoundMethod.php(29): call_user_func_array(Array, Array)
#19 /opt/lampp/htdocs/UCSM_VotingAndQuiz_Project/UCSM_Voting/vendor/laravel/framework/src/Illuminate/Container/BoundMethod.php(87): Illuminate\\Container\\BoundMethod::Illuminate\\Container\\{closure}()
#20 /opt/lampp/htdocs/UCSM_VotingAndQuiz_Project/UCSM_Voting/vendor/laravel/framework/src/Illuminate/Container/BoundMethod.php(31): Illuminate\\Container\\BoundMethod::callBoundMethod(Object(Illuminate\\Foundation\\Application), Array, Object(Closure))
#21 /opt/lampp/htdocs/UCSM_VotingAndQuiz_Project/UCSM_Voting/vendor/laravel/framework/src/Illuminate/Container/Container.php(572): Illuminate\\Container\\BoundMethod::call(Object(Illuminate\\Foundation\\Application), Array, Array, NULL)
#22 /opt/lampp/htdocs/UCSM_VotingAndQuiz_Project/UCSM_Voting/vendor/laravel/framework/src/Illuminate/Console/Command.php(183): Illuminate\\Container\\Container->call(Array)
#23 /opt/lampp/htdocs/UCSM_VotingAndQuiz_Project/UCSM_Voting/vendor/symfony/console/Command/Command.php(255): Illuminate\\Console\\Command->execute(Object(Symfony\\Component\\Console\\Input\\ArgvInput), Object(Illuminate\\Console\\OutputStyle))
#24 /opt/lampp/htdocs/UCSM_VotingAndQuiz_Project/UCSM_Voting/vendor/laravel/framework/src/Illuminate/Console/Command.php(170): Symfony\\Component\\Console\\Command\\Command->run(Object(Symfony\\Component\\Console\\Input\\ArgvInput), Object(Illuminate\\Console\\OutputStyle))
#25 /opt/lampp/htdocs/UCSM_VotingAndQuiz_Project/UCSM_Voting/vendor/symfony/console/Application.php(901): Illuminate\\Console\\Command->run(Object(Symfony\\Component\\Console\\Input\\ArgvInput), Object(Symfony\\Component\\Console\\Output\\ConsoleOutput))
#26 /opt/lampp/htdocs/UCSM_VotingAndQuiz_Project/UCSM_Voting/vendor/symfony/console/Application.php(262): Symfony\\Component\\Console\\Application->doRunCommand(Object(Illuminate\\Database\\Console\\Migrations\\RefreshCommand), Object(Symfony\\Component\\Console\\Input\\ArgvInput), Object(Symfony\\Component\\Console\\Output\\ConsoleOutput))
#27 /opt/lampp/htdocs/UCSM_VotingAndQuiz_Project/UCSM_Voting/vendor/symfony/console/Application.php(145): Symfony\\Component\\Console\\Application->doRun(Object(Symfony\\Component\\Console\\Input\\ArgvInput), Object(Symfony\\Component\\Console\\Output\\ConsoleOutput))
#28 /opt/lampp/htdocs/UCSM_VotingAndQuiz_Project/UCSM_Voting/vendor/laravel/framework/src/Illuminate/Console/Application.php(89): Symfony\\Component\\Console\\Application->run(Object(Symfony\\Component\\Console\\Input\\ArgvInput), Object(Symfony\\Component\\Console\\Output\\ConsoleOutput))
#29 /opt/lampp/htdocs/UCSM_VotingAndQuiz_Project/UCSM_Voting/vendor/laravel/framework/src/Illuminate/Foundation/Console/Kernel.php(122): Illuminate\\Console\\Application->run(Object(Symfony\\Component\\Console\\Input\\ArgvInput), Object(Symfony\\Component\\Console\\Output\\ConsoleOutput))
#30 /opt/lampp/htdocs/UCSM_VotingAndQuiz_Project/UCSM_Voting/artisan(37): Illuminate\\Foundation\\Console\\Kernel->handle(Object(Symfony\\Component\\Console\\Input\\ArgvInput), Object(Symfony\\Component\\Console\\Output\\ConsoleOutput))
#31 {main}
"} 
[2019-01-31 15:22:48] local.ERROR: could not find driver (SQL: select * from information_schema.tables where table_schema = Vote and table_name = migrations) {"exception":"[object] (Illuminate\\Database\\QueryException(code: 0): could not find driver (SQL: select * from information_schema.tables where table_schema = Vote and table_name = migrations) at /opt/lampp/htdocs/UCSM_VotingAndQuiz_Project/UCSM_Voting/vendor/laravel/framework/src/Illuminate/Database/Connection.php:664, PDOException(code: 0): could not find driver at /opt/lampp/htdocs/UCSM_VotingAndQuiz_Project/UCSM_Voting/vendor/laravel/framework/src/Illuminate/Database/Connectors/Connector.php:70)
[stacktrace]
#0 /opt/lampp/htdocs/UCSM_VotingAndQuiz_Project/UCSM_Voting/vendor/laravel/framework/src/Illuminate/Database/Connection.php(624): Illuminate\\Database\\Connection->runQueryCallback('select * from i...', Array, Object(Closure))
#1 /opt/lampp/htdocs/UCSM_VotingAndQuiz_Project/UCSM_Voting/vendor/laravel/framework/src/Illuminate/Database/Connection.php(333): Illuminate\\Database\\Connection->run('select * from i...', Array, Object(Closure))
#2 /opt/lampp/htdocs/UCSM_VotingAndQuiz_Project/UCSM_Voting/vendor/laravel/framework/src/Illuminate/Database/Schema/MySqlBuilder.php(18): Illuminate\\Database\\Connection->select('select * from i...', Array)
#3 /opt/lampp/htdocs/UCSM_VotingAndQuiz_Project/UCSM_Voting/vendor/laravel/framework/src/Illuminate/Database/Migrations/DatabaseMigrationRepository.php(169): Illuminate\\Database\\Schema\\MySqlBuilder->hasTable('migrations')
#4 /opt/lampp/htdocs/UCSM_VotingAndQuiz_Project/UCSM_Voting/vendor/laravel/framework/src/Illuminate/Database/Migrations/Migrator.php(556): Illuminate\\Database\\Migrations\\DatabaseMigrationRepository->repositoryExists()
#5 /opt/lampp/htdocs/UCSM_VotingAndQuiz_Project/UCSM_Voting/vendor/laravel/framework/src/Illuminate/Database/Console/Migrations/ResetCommand.php(63): Illuminate\\Database\\Migrations\\Migrator->repositoryExists()
#6 [internal function]: Illuminate\\Database\\Console\\Migrations\\ResetCommand->handle()
#7 /opt/lampp/htdocs/UCSM_VotingAndQuiz_Project/UCSM_Voting/vendor/laravel/framework/src/Illuminate/Container/BoundMethod.php(29): call_user_func_array(Array, Array)
#8 /opt/lampp/htdocs/UCSM_VotingAndQuiz_Project/UCSM_Voting/vendor/laravel/framework/src/Illuminate/Container/BoundMethod.php(87): Illuminate\\Container\\BoundMethod::Illuminate\\Container\\{closure}()
#9 /opt/lampp/htdocs/UCSM_VotingAndQuiz_Project/UCSM_Voting/vendor/laravel/framework/src/Illuminate/Container/BoundMethod.php(31): Illuminate\\Container\\BoundMethod::callBoundMethod(Object(Illuminate\\Foundation\\Application), Array, Object(Closure))
#10 /opt/lampp/htdocs/UCSM_VotingAndQuiz_Project/UCSM_Voting/vendor/laravel/framework/src/Illuminate/Container/Container.php(572): Illuminate\\Container\\BoundMethod::call(Object(Illuminate\\Foundation\\Application), Array, Array, NULL)
#11 /opt/lampp/htdocs/UCSM_VotingAndQuiz_Project/UCSM_Voting/vendor/laravel/framework/src/Illuminate/Console/Command.php(183): Illuminate\\Container\\Container->call(Array)
#12 /opt/lampp/htdocs/UCSM_VotingAndQuiz_Project/UCSM_Voting/vendor/symfony/console/Command/Command.php(255): Illuminate\\Console\\Command->execute(Object(Symfony\\Component\\Console\\Input\\ArrayInput), Object(Illuminate\\Console\\OutputStyle))
#13 /opt/lampp/htdocs/UCSM_VotingAndQuiz_Project/UCSM_Voting/vendor/laravel/framework/src/Illuminate/Console/Command.php(170): Symfony\\Component\\Console\\Command\\Command->run(Object(Symfony\\Component\\Console\\Input\\ArrayInput), Object(Illuminate\\Console\\OutputStyle))
#14 /opt/lampp/htdocs/UCSM_VotingAndQuiz_Project/UCSM_Voting/vendor/laravel/framework/src/Illuminate/Console/Command.php(198): Illuminate\\Console\\Command->run(Object(Symfony\\Component\\Console\\Input\\ArrayInput), Object(Illuminate\\Console\\OutputStyle))
#15 /opt/lampp/htdocs/UCSM_VotingAndQuiz_Project/UCSM_Voting/vendor/laravel/framework/src/Illuminate/Database/Console/Migrations/RefreshCommand.php(100): Illuminate\\Console\\Command->call('migrate:reset', Array)
#16 /opt/lampp/htdocs/UCSM_VotingAndQuiz_Project/UCSM_Voting/vendor/laravel/framework/src/Illuminate/Database/Console/Migrations/RefreshCommand.php(53): Illuminate\\Database\\Console\\Migrations\\RefreshCommand->runReset(NULL, NULL)
#17 [internal function]: Illuminate\\Database\\Console\\Migrations\\RefreshCommand->handle()
#18 /opt/lampp/htdocs/UCSM_VotingAndQuiz_Project/UCSM_Voting/vendor/laravel/framework/src/Illuminate/Container/BoundMethod.php(29): call_user_func_array(Array, Array)
#19 /opt/lampp/htdocs/UCSM_VotingAndQuiz_Project/UCSM_Voting/vendor/laravel/framework/src/Illuminate/Container/BoundMethod.php(87): Illuminate\\Container\\BoundMethod::Illuminate\\Container\\{closure}()
#20 /opt/lampp/htdocs/UCSM_VotingAndQuiz_Project/UCSM_Voting/vendor/laravel/framework/src/Illuminate/Container/BoundMethod.php(31): Illuminate\\Container\\BoundMethod::callBoundMethod(Object(Illuminate\\Foundation\\Application), Array, Object(Closure))
#21 /opt/lampp/htdocs/UCSM_VotingAndQuiz_Project/UCSM_Voting/vendor/laravel/framework/src/Illuminate/Container/Container.php(572): Illuminate\\Container\\BoundMethod::call(Object(Illuminate\\Foundation\\Application), Array, Array, NULL)
#22 /opt/lampp/htdocs/UCSM_VotingAndQuiz_Project/UCSM_Voting/vendor/laravel/framework/src/Illuminate/Console/Command.php(183): Illuminate\\Container\\Container->call(Array)
#23 /opt/lampp/htdocs/UCSM_VotingAndQuiz_Project/UCSM_Voting/vendor/symfony/console/Command/Command.php(255): Illuminate\\Console\\Command->execute(Object(Symfony\\Component\\Console\\Input\\ArgvInput), Object(Illuminate\\Console\\OutputStyle))
#24 /opt/lampp/htdocs/UCSM_VotingAndQuiz_Project/UCSM_Voting/vendor/laravel/framework/src/Illuminate/Console/Command.php(170): Symfony\\Component\\Console\\Command\\Command->run(Object(Symfony\\Component\\Console\\Input\\ArgvInput), Object(Illuminate\\Console\\OutputStyle))
#25 /opt/lampp/htdocs/UCSM_VotingAndQuiz_Project/UCSM_Voting/vendor/symfony/console/Application.php(901): Illuminate\\Console\\Command->run(Object(Symfony\\Component\\Console\\Input\\ArgvInput), Object(Symfony\\Component\\Console\\Output\\ConsoleOutput))
#26 /opt/lampp/htdocs/UCSM_VotingAndQuiz_Project/UCSM_Voting/vendor/symfony/console/Application.php(262): Symfony\\Component\\Console\\Application->doRunCommand(Object(Illuminate\\Database\\Console\\Migrations\\RefreshCommand), Object(Symfony\\Component\\Console\\Input\\ArgvInput), Object(Symfony\\Component\\Console\\Output\\ConsoleOutput))
#27 /opt/lampp/htdocs/UCSM_VotingAndQuiz_Project/UCSM_Voting/vendor/symfony/console/Application.php(145): Symfony\\Component\\Console\\Application->doRun(Object(Symfony\\Component\\Console\\Input\\ArgvInput), Object(Symfony\\Component\\Console\\Output\\ConsoleOutput))
#28 /opt/lampp/htdocs/UCSM_VotingAndQuiz_Project/UCSM_Voting/vendor/laravel/framework/src/Illuminate/Console/Application.php(89): Symfony\\Component\\Console\\Application->run(Object(Symfony\\Component\\Console\\Input\\ArgvInput), Object(Symfony\\Component\\Console\\Output\\ConsoleOutput))
#29 /opt/lampp/htdocs/UCSM_VotingAndQuiz_Project/UCSM_Voting/vendor/laravel/framework/src/Illuminate/Foundation/Console/Kernel.php(122): Illuminate\\Console\\Application->run(Object(Symfony\\Component\\Console\\Input\\ArgvInput), Object(Symfony\\Component\\Console\\Output\\ConsoleOutput))
#30 /opt/lampp/htdocs/UCSM_VotingAndQuiz_Project/UCSM_Voting/artisan(37): Illuminate\\Foundation\\Console\\Kernel->handle(Object(Symfony\\Component\\Console\\Input\\ArgvInput), Object(Symfony\\Component\\Console\\Output\\ConsoleOutput))
#31 {main}
"} 
[2019-01-31 19:09:21] local.ERROR: could not find driver (SQL: select * from information_schema.tables where table_schema = Vote and table_name = migrations) {"exception":"[object] (Illuminate\\Database\\QueryException(code: 0): could not find driver (SQL: select * from information_schema.tables where table_schema = Vote and table_name = migrations) at /opt/lampp/htdocs/UCSM_VotingAndQuiz_Project/UCSM_Voting/vendor/laravel/framework/src/Illuminate/Database/Connection.php:664, PDOException(code: 0): could not find driver at /opt/lampp/htdocs/UCSM_VotingAndQuiz_Project/UCSM_Voting/vendor/laravel/framework/src/Illuminate/Database/Connectors/Connector.php:70)
[stacktrace]
#0 /opt/lampp/htdocs/UCSM_VotingAndQuiz_Project/UCSM_Voting/vendor/laravel/framework/src/Illuminate/Database/Connection.php(624): Illuminate\\Database\\Connection->runQueryCallback('select * from i...', Array, Object(Closure))
#1 /opt/lampp/htdocs/UCSM_VotingAndQuiz_Project/UCSM_Voting/vendor/laravel/framework/src/Illuminate/Database/Connection.php(333): Illuminate\\Database\\Connection->run('select * from i...', Array, Object(Closure))
#2 /opt/lampp/htdocs/UCSM_VotingAndQuiz_Project/UCSM_Voting/vendor/laravel/framework/src/Illuminate/Database/Schema/MySqlBuilder.php(18): Illuminate\\Database\\Connection->select('select * from i...', Array)
#3 /opt/lampp/htdocs/UCSM_VotingAndQuiz_Project/UCSM_Voting/vendor/laravel/framework/src/Illuminate/Database/Migrations/DatabaseMigrationRepository.php(169): Illuminate\\Database\\Schema\\MySqlBuilder->hasTable('migrations')
#4 /opt/lampp/htdocs/UCSM_VotingAndQuiz_Project/UCSM_Voting/vendor/laravel/framework/src/Illuminate/Database/Migrations/Migrator.php(556): Illuminate\\Database\\Migrations\\DatabaseMigrationRepository->repositoryExists()
#5 /opt/lampp/htdocs/UCSM_VotingAndQuiz_Project/UCSM_Voting/vendor/laravel/framework/src/Illuminate/Database/Console/Migrations/MigrateCommand.php(91): Illuminate\\Database\\Migrations\\Migrator->repositoryExists()
#6 /opt/lampp/htdocs/UCSM_VotingAndQuiz_Project/UCSM_Voting/vendor/laravel/framework/src/Illuminate/Database/Console/Migrations/MigrateCommand.php(63): Illuminate\\Database\\Console\\Migrations\\MigrateCommand->prepareDatabase()
#7 [internal function]: Illuminate\\Database\\Console\\Migrations\\MigrateCommand->handle()
#8 /opt/lampp/htdocs/UCSM_VotingAndQuiz_Project/UCSM_Voting/vendor/laravel/framework/src/Illuminate/Container/BoundMethod.php(29): call_user_func_array(Array, Array)
#9 /opt/lampp/htdocs/UCSM_VotingAndQuiz_Project/UCSM_Voting/vendor/laravel/framework/src/Illuminate/Container/BoundMethod.php(87): Illuminate\\Container\\BoundMethod::Illuminate\\Container\\{closure}()
#10 /opt/lampp/htdocs/UCSM_VotingAndQuiz_Project/UCSM_Voting/vendor/laravel/framework/src/Illuminate/Container/BoundMethod.php(31): Illuminate\\Container\\BoundMethod::callBoundMethod(Object(Illuminate\\Foundation\\Application), Array, Object(Closure))
#11 /opt/lampp/htdocs/UCSM_VotingAndQuiz_Project/UCSM_Voting/vendor/laravel/framework/src/Illuminate/Container/Container.php(572): Illuminate\\Container\\BoundMethod::call(Object(Illuminate\\Foundation\\Application), Array, Array, NULL)
#12 /opt/lampp/htdocs/UCSM_VotingAndQuiz_Project/UCSM_Voting/vendor/laravel/framework/src/Illuminate/Console/Command.php(183): Illuminate\\Container\\Container->call(Array)
#13 /opt/lampp/htdocs/UCSM_VotingAndQuiz_Project/UCSM_Voting/vendor/symfony/console/Command/Command.php(255): Illuminate\\Console\\Command->execute(Object(Symfony\\Component\\Console\\Input\\ArgvInput), Object(Illuminate\\Console\\OutputStyle))
#14 /opt/lampp/htdocs/UCSM_VotingAndQuiz_Project/UCSM_Voting/vendor/laravel/framework/src/Illuminate/Console/Command.php(170): Symfony\\Component\\Console\\Command\\Command->run(Object(Symfony\\Component\\Console\\Input\\ArgvInput), Object(Illuminate\\Console\\OutputStyle))
#15 /opt/lampp/htdocs/UCSM_VotingAndQuiz_Project/UCSM_Voting/vendor/symfony/console/Application.php(901): Illuminate\\Console\\Command->run(Object(Symfony\\Component\\Console\\Input\\ArgvInput), Object(Symfony\\Component\\Console\\Output\\ConsoleOutput))
#16 /opt/lampp/htdocs/UCSM_VotingAndQuiz_Project/UCSM_Voting/vendor/symfony/console/Application.php(262): Symfony\\Component\\Console\\Application->doRunCommand(Object(Illuminate\\Database\\Console\\Migrations\\MigrateCommand), Object(Symfony\\Component\\Console\\Input\\ArgvInput), Object(Symfony\\Component\\Console\\Output\\ConsoleOutput))
#17 /opt/lampp/htdocs/UCSM_VotingAndQuiz_Project/UCSM_Voting/vendor/symfony/console/Application.php(145): Symfony\\Component\\Console\\Application->doRun(Object(Symfony\\Component\\Console\\Input\\ArgvInput), Object(Symfony\\Component\\Console\\Output\\ConsoleOutput))
#18 /opt/lampp/htdocs/UCSM_VotingAndQuiz_Project/UCSM_Voting/vendor/laravel/framework/src/Illuminate/Console/Application.php(89): Symfony\\Component\\Console\\Application->run(Object(Symfony\\Component\\Console\\Input\\ArgvInput), Object(Symfony\\Component\\Console\\Output\\ConsoleOutput))
#19 /opt/lampp/htdocs/UCSM_VotingAndQuiz_Project/UCSM_Voting/vendor/laravel/framework/src/Illuminate/Foundation/Console/Kernel.php(122): Illuminate\\Console\\Application->run(Object(Symfony\\Component\\Console\\Input\\ArgvInput), Object(Symfony\\Component\\Console\\Output\\ConsoleOutput))
#20 /opt/lampp/htdocs/UCSM_VotingAndQuiz_Project/UCSM_Voting/artisan(37): Illuminate\\Foundation\\Console\\Kernel->handle(Object(Symfony\\Component\\Console\\Input\\ArgvInput), Object(Symfony\\Component\\Console\\Output\\ConsoleOutput))
#21 {main}
"} 
