[2019-02-01 03:43:04] local.ERROR: syntax error, unexpected '<<' (T_SL), expecting end of file (View: /opt/lampp/htdocs/UCSM_VotingAndQuiz_Project/UCSM_Voting/resources/views/Home/Quizz.blade.php) {"userId":1,"exception":"[object] (ErrorException(code: 0): syntax error, unexpected '<<' (T_SL), expecting end of file (View: /opt/lampp/htdocs/UCSM_VotingAndQuiz_Project/UCSM_Voting/resources/views/Home/Quizz.blade.php) at /opt/lampp/htdocs/UCSM_VotingAndQuiz_Project/UCSM_Voting/storage/framework/views/b5a9cb2acf06414fbbbbdedf45459f6a229bb1a4.php:2, Symfony\\Component\\Debug\\Exception\\FatalThrowableError(code: 0): syntax error, unexpected '<<' (T_SL), expecting end of file at /opt/lampp/htdocs/UCSM_VotingAndQuiz_Project/UCSM_Voting/storage/framework/views/b5a9cb2acf06414fbbbbdedf45459f6a229bb1a4.php:2)
[stacktrace]
#0 /opt/lampp/htdocs/UCSM_VotingAndQuiz_Project/UCSM_Voting/vendor/laravel/framework/src/Illuminate/View/Engines/PhpEngine.php(47): Illuminate\\View\\Engines\\CompilerEngine->handleViewException(Object(Symfony\\Component\\Debug\\Exception\\FatalThrowableError), 1)
#1 /opt/lampp/htdocs/UCSM_VotingAndQuiz_Project/UCSM_Voting/vendor/laravel/framework/src/Illuminate/View/Engines/CompilerEngine.php(59): Illuminate\\View\\Engines\\PhpEngine->evaluatePath('/opt/lampp/htdo...', Array)
#2 /opt/lampp/htdocs/UCSM_VotingAndQuiz_Project/UCSM_Voting/vendor/laravel/framework/src/Illuminate/View/View.php(142): Illuminate\\View\\Engines\\CompilerEngine->get('/opt/lampp/htdo...', Array)
#3 /opt/lampp/htdocs/UCSM_VotingAndQuiz_Project/UCSM_Voting/vendor/laravel/framework/src/Illuminate/View/View.php(125): Illuminate\\View\\View->getContents()
#4 /opt/lampp/htdocs/UCSM_VotingAndQuiz_Project/UCSM_Voting/vendor/laravel/framework/src/Illuminate/View/View.php(90): Illuminate\\View\\View->renderContents()
#5 /opt/lampp/htdocs/UCSM_VotingAndQuiz_Project/UCSM_Voting/vendor/laravel/framework/src/Illuminate/Http/Response.php(42): Illuminate\\View\\View->render()
#6 /opt/lampp/htdocs/UCSM_VotingAndQuiz_Project/UCSM_Voting/vendor/symfony/http-foundation/Response.php(202): Illuminate\\Http\\Response->setContent(Object(Illuminate\\View\\View))
#7 /opt/lampp/htdocs/UCSM_VotingAndQuiz_Project/UCSM_Voting/vendor/laravel/framework/src/Illuminate/Routing/Router.php(750): Symfony\\Component\\HttpFoundation\\Response->__construct(Object(Illuminate\\View\\View))
#8 /opt/lampp/htdocs/UCSM_VotingAndQuiz_Project/UCSM_Voting/vendor/laravel/framework/src/Illuminate/Routing/Router.php(722): Illuminate\\Routing\\Router::toResponse(Object(Illuminate\\Http\\Request), Object(Illuminate\\View\\View))
#9 /opt/lampp/htdocs/UCSM_VotingAndQuiz_Project/UCSM_Voting/vendor/laravel/framework/src/Illuminate/Routing/Router.php(682): Illuminate\\Routing\\Router->prepareResponse(Object(Illuminate\\Http\\Request), Object(Illuminate\\View\\View))
#10 /opt/lampp/htdocs/UCSM_VotingAndQuiz_Project/UCSM_Voting/vendor/laravel/framework/src/Illuminate/Routing/Pipeline.php(30): Illuminate\\Routing\\Router->Illuminate\\Routing\\{closure}(Object(Illuminate\\Http\\Request))
#11 /opt/lampp/htdocs/UCSM_VotingAndQuiz_Project/UCSM_Voting/vendor/laravel/framework/src/Illuminate/Routing/Middleware/SubstituteBindings.php(41): Illuminate\\Routing\\Pipeline->Illuminate\\Routing\\{closure}(Object(Illuminate\\Http\\Request))
#12 /opt/lampp/htdocs/UCSM_VotingAndQuiz_Project/UCSM_Voting/vendor/laravel/framework/src/Illuminate/Pipeline/Pipeline.php(151): Illuminate\\Routing\\Middleware\\SubstituteBindings->handle(Object(Illuminate\\Http\\Request), Object(Closure))
#13 /opt/lampp/htdocs/UCSM_VotingAndQuiz_Project/UCSM_Voting/vendor/laravel/framework/src/Illuminate/Routing/Pipeline.php(53): Illuminate\\Pipeline\\Pipeline->Illuminate\\Pipeline\\{closure}(Object(Illuminate\\Http\\Request))
#14 /opt/lampp/htdocs/UCSM_VotingAndQuiz_Project/UCSM_Voting/vendor/laravel/framework/src/Illuminate/Auth/Middleware/Authenticate.php(43): Illuminate\\Routing\\Pipeline->Illuminate\\Routing\\{closure}(Object(Illuminate\\Http\\Request))
#15 /opt/lampp/htdocs/UCSM_VotingAndQuiz_Project/UCSM_Voting/vendor/laravel/framework/src/Illuminate/Pipeline/Pipeline.php(151): Illuminate\\Auth\\Middleware\\Authenticate->handle(Object(Illuminate\\Http\\Request), Object(Closure), 'code')
#16 /opt/lampp/htdocs/UCSM_VotingAndQuiz_Project/UCSM_Voting/vendor/laravel/framework/src/Illuminate/Routing/Pipeline.php(53): Illuminate\\Pipeline\\Pipeline->Illuminate\\Pipeline\\{closure}(Object(Illuminate\\Http\\Request))
#17 /opt/lampp/htdocs/UCSM_VotingAndQuiz_Project/UCSM_Voting/vendor/laravel/framework/src/Illuminate/Foundation/Http/Middleware/VerifyCsrfToken.php(75): Illuminate\\Routing\\Pipeline->Illuminate\\Routing\\{closure}(Object(Illuminate\\Http\\Request))
#18 /opt/lampp/htdocs/UCSM_VotingAndQuiz_Project/UCSM_Voting/vendor/laravel/framework/src/Illuminate/Pipeline/Pipeline.php(151): Illuminate\\Foundation\\Http\\Middleware\\VerifyCsrfToken->handle(Object(Illuminate\\Http\\Request), Object(Closure))
#19 /opt/lampp/htdocs/UCSM_VotingAndQuiz_Project/UCSM_Voting/vendor/laravel/framework/src/Illuminate/Routing/Pipeline.php(53): Illuminate\\Pipeline\\Pipeline->Illuminate\\Pipeline\\{closure}(Object(Illuminate\\Http\\Request))
#20 /opt/lampp/htdocs/UCSM_VotingAndQuiz_Project/UCSM_Voting/vendor/laravel/framework/src/Illuminate/View/Middleware/ShareErrorsFromSession.php(49): Illuminate\\Routing\\Pipeline->Illuminate\\Routing\\{closure}(Object(Illuminate\\Http\\Request))
#21 /opt/lampp/htdocs/UCSM_VotingAndQuiz_Project/UCSM_Voting/vendor/laravel/framework/src/Illuminate/Pipeline/Pipeline.php(151): Illuminate\\View\\Middleware\\ShareErrorsFromSession->handle(Object(Illuminate\\Http\\Request), Object(Closure))
#22 /opt/lampp/htdocs/UCSM_VotingAndQuiz_Project/UCSM_Voting/vendor/laravel/framework/src/Illuminate/Routing/Pipeline.php(53): Illuminate\\Pipeline\\Pipeline->Illuminate\\Pipeline\\{closure}(Object(Illuminate\\Http\\Request))
#23 /opt/lampp/htdocs/UCSM_VotingAndQuiz_Project/UCSM_Voting/vendor/laravel/framework/src/Illuminate/Session/Middleware/StartSession.php(63): Illuminate\\Routing\\Pipeline->Illuminate\\Routing\\{closure}(Object(Illuminate\\Http\\Request))
#24 /opt/lampp/htdocs/UCSM_VotingAndQuiz_Project/UCSM_Voting/vendor/laravel/framework/src/Illuminate/Pipeline/Pipeline.php(151): Illuminate\\Session\\Middleware\\StartSession->handle(Object(Illuminate\\Http\\Request), Object(Closure))
#25 /opt/lampp/htdocs/UCSM_VotingAndQuiz_Project/UCSM_Voting/vendor/laravel/framework/src/Illuminate/Routing/Pipeline.php(53): Illuminate\\Pipeline\\Pipeline->Illuminate\\Pipeline\\{closure}(Object(Illuminate\\Http\\Request))
#26 /opt/lampp/htdocs/UCSM_VotingAndQuiz_Project/UCSM_Voting/vendor/laravel/framework/src/Illuminate/Cookie/Middleware/AddQueuedCookiesToResponse.php(37): Illuminate\\Routing\\Pipeline->Illuminate\\Routing\\{closure}(Object(Illuminate\\Http\\Request))
#27 /opt/lampp/htdocs/UCSM_VotingAndQuiz_Project/UCSM_Voting/vendor/laravel/framework/src/Illuminate/Pipeline/Pipeline.php(151): Illuminate\\Cookie\\Middleware\\AddQueuedCookiesToResponse->handle(Object(Illuminate\\Http\\Request), Object(Closure))
#28 /opt/lampp/htdocs/UCSM_VotingAndQuiz_Project/UCSM_Voting/vendor/laravel/framework/src/Illuminate/Routing/Pipeline.php(53): Illuminate\\Pipeline\\Pipeline->Illuminate\\Pipeline\\{closure}(Object(Illuminate\\Http\\Request))
#29 /opt/lampp/htdocs/UCSM_VotingAndQuiz_Project/UCSM_Voting/vendor/laravel/framework/src/Illuminate/Cookie/Middleware/EncryptCookies.php(66): Illuminate\\Routing\\Pipeline->Illuminate\\Routing\\{closure}(Object(Illuminate\\Http\\Request))
#30 /opt/lampp/htdocs/UCSM_VotingAndQuiz_Project/UCSM_Voting/vendor/laravel/framework/src/Illuminate/Pipeline/Pipeline.php(151): Illuminate\\Cookie\\Middleware\\EncryptCookies->handle(Object(Illuminate\\Http\\Request), Object(Closure))
#31 /opt/lampp/htdocs/UCSM_VotingAndQuiz_Project/UCSM_Voting/vendor/laravel/framework/src/Illuminate/Routing/Pipeline.php(53): Illuminate\\Pipeline\\Pipeline->Illuminate\\Pipeline\\{closure}(Object(Illuminate\\Http\\Request))
#32 /opt/lampp/htdocs/UCSM_VotingAndQuiz_Project/UCSM_Voting/vendor/laravel/framework/src/Illuminate/Pipeline/Pipeline.php(104): Illuminate\\Routing\\Pipeline->Illuminate\\Routing\\{closure}(Object(Illuminate\\Http\\Request))
#33 /opt/lampp/htdocs/UCSM_VotingAndQuiz_Project/UCSM_Voting/vendor/laravel/framework/src/Illuminate/Routing/Router.php(684): Illuminate\\Pipeline\\Pipeline->then(Object(Closure))
#34 /opt/lampp/htdocs/UCSM_VotingAndQuiz_Project/UCSM_Voting/vendor/laravel/framework/src/Illuminate/Routing/Router.php(659): Illuminate\\Routing\\Router->runRouteWithinStack(Object(Illuminate\\Routing\\Route), Object(Illuminate\\Http\\Request))
#35 /opt/lampp/htdocs/UCSM_VotingAndQuiz_Project/UCSM_Voting/vendor/laravel/framework/src/Illuminate/Routing/Router.php(625): Illuminate\\Routing\\Router->runRoute(Object(Illuminate\\Http\\Request), Object(Illuminate\\Routing\\Route))
#36 /opt/lampp/htdocs/UCSM_VotingAndQuiz_Project/UCSM_Voting/vendor/laravel/framework/src/Illuminate/Routing/Router.php(614): Illuminate\\Routing\\Router->dispatchToRoute(Object(Illuminate\\Http\\Request))
#37 /opt/lampp/htdocs/UCSM_VotingAndQuiz_Project/UCSM_Voting/vendor/laravel/framework/src/Illuminate/Foundation/Http/Kernel.php(176): Illuminate\\Routing\\Router->dispatch(Object(Illuminate\\Http\\Request))
#38 /opt/lampp/htdocs/UCSM_VotingAndQuiz_Project/UCSM_Voting/vendor/laravel/framework/src/Illuminate/Routing/Pipeline.php(30): Illuminate\\Foundation\\Http\\Kernel->Illuminate\\Foundation\\Http\\{closure}(Object(Illuminate\\Http\\Request))
#39 /opt/lampp/htdocs/UCSM_VotingAndQuiz_Project/UCSM_Voting/vendor/fideloper/proxy/src/TrustProxies.php(57): Illuminate\\Routing\\Pipeline->Illuminate\\Routing\\{closure}(Object(Illuminate\\Http\\Request))
#40 /opt/lampp/htdocs/UCSM_VotingAndQuiz_Project/UCSM_Voting/vendor/laravel/framework/src/Illuminate/Pipeline/Pipeline.php(151): Fideloper\\Proxy\\TrustProxies->handle(Object(Illuminate\\Http\\Request), Object(Closure))
#41 /opt/lampp/htdocs/UCSM_VotingAndQuiz_Project/UCSM_Voting/vendor/laravel/framework/src/Illuminate/Routing/Pipeline.php(53): Illuminate\\Pipeline\\Pipeline->Illuminate\\Pipeline\\{closure}(Object(Illuminate\\Http\\Request))
#42 /opt/lampp/htdocs/UCSM_VotingAndQuiz_Project/UCSM_Voting/vendor/laravel/framework/src/Illuminate/Foundation/Http/Middleware/TransformsRequest.php(31): Illuminate\\Routing\\Pipeline->Illuminate\\Routing\\{closure}(Object(Illuminate\\Http\\Request))
#43 /opt/lampp/htdocs/UCSM_VotingAndQuiz_Project/UCSM_Voting/vendor/laravel/framework/src/Illuminate/Pipeline/Pipeline.php(151): Illuminate\\Foundation\\Http\\Middleware\\TransformsRequest->handle(Object(Illuminate\\Http\\Request), Object(Closure))
#44 /opt/lampp/htdocs/UCSM_VotingAndQuiz_Project/UCSM_Voting/vendor/laravel/framework/src/Illuminate/Routing/Pipeline.php(53): Illuminate\\Pipeline\\Pipeline->Illuminate\\Pipeline\\{closure}(Object(Illuminate\\Http\\Request))
#45 /opt/lampp/htdocs/UCSM_VotingAndQuiz_Project/UCSM_Voting/vendor/laravel/framework/src/Illuminate/Foundation/Http/Middleware/TransformsRequest.php(31): Illuminate\\Routing\\Pipeline->Illuminate\\Routing\\{closure}(Object(Illuminate\\Http\\Request))
#46 /opt/lampp/htdocs/UCSM_VotingAndQuiz_Project/UCSM_Voting/vendor/laravel/framework/src/Illuminate/Pipeline/Pipeline.php(151): Illuminate\\Foundation\\Http\\Middleware\\TransformsRequest->handle(Object(Illuminate\\Http\\Request), Object(Closure))
#47 /opt/lampp/htdocs/UCSM_VotingAndQuiz_Project/UCSM_Voting/vendor/laravel/framework/src/Illuminate/Routing/Pipeline.php(53): Illuminate\\Pipeline\\Pipeline->Illuminate\\Pipeline\\{closure}(Object(Illuminate\\Http\\Request))
#48 /opt/lampp/htdocs/UCSM_VotingAndQuiz_Project/UCSM_Voting/vendor/laravel/framework/src/Illuminate/Foundation/Http/Middleware/ValidatePostSize.php(27): Illuminate\\Routing\\Pipeline->Illuminate\\Routing\\{closure}(Object(Illuminate\\Http\\Request))
#49 /opt/lampp/htdocs/UCSM_VotingAndQuiz_Project/UCSM_Voting/vendor/laravel/framework/src/Illuminate/Pipeline/Pipeline.php(151): Illuminate\\Foundation\\Http\\Middleware\\ValidatePostSize->handle(Object(Illuminate\\Http\\Request), Object(Closure))
#50 /opt/lampp/htdocs/UCSM_VotingAndQuiz_Project/UCSM_Voting/vendor/laravel/framework/src/Illuminate/Routing/Pipeline.php(53): Illuminate\\Pipeline\\Pipeline->Illuminate\\Pipeline\\{closure}(Object(Illuminate\\Http\\Request))
#51 /opt/lampp/htdocs/UCSM_VotingAndQuiz_Project/UCSM_Voting/vendor/laravel/framework/src/Illuminate/Foundation/Http/Middleware/CheckForMaintenanceMode.php(62): Illuminate\\Routing\\Pipeline->Illuminate\\Routing\\{closure}(Object(Illuminate\\Http\\Request))
#52 /opt/lampp/htdocs/UCSM_VotingAndQuiz_Project/UCSM_Voting/vendor/laravel/framework/src/Illuminate/Pipeline/Pipeline.php(151): Illuminate\\Foundation\\Http\\Middleware\\CheckForMaintenanceMode->handle(Object(Illuminate\\Http\\Request), Object(Closure))
#53 /opt/lampp/htdocs/UCSM_VotingAndQuiz_Project/UCSM_Voting/vendor/laravel/framework/src/Illuminate/Routing/Pipeline.php(53): Illuminate\\Pipeline\\Pipeline->Illuminate\\Pipeline\\{closure}(Object(Illuminate\\Http\\Request))
#54 /opt/lampp/htdocs/UCSM_VotingAndQuiz_Project/UCSM_Voting/vendor/laravel/framework/src/Illuminate/Pipeline/Pipeline.php(104): Illuminate\\Routing\\Pipeline->Illuminate\\Routing\\{closure}(Object(Illuminate\\Http\\Request))
#55 /opt/lampp/htdocs/UCSM_VotingAndQuiz_Project/UCSM_Voting/vendor/laravel/framework/src/Illuminate/Foundation/Http/Kernel.php(151): Illuminate\\Pipeline\\Pipeline->then(Object(Closure))
#56 /opt/lampp/htdocs/UCSM_VotingAndQuiz_Project/UCSM_Voting/vendor/laravel/framework/src/Illuminate/Foundation/Http/Kernel.php(116): Illuminate\\Foundation\\Http\\Kernel->sendRequestThroughRouter(Object(Illuminate\\Http\\Request))
#57 /opt/lampp/htdocs/UCSM_VotingAndQuiz_Project/UCSM_Voting/public/index.php(55): Illuminate\\Foundation\\Http\\Kernel->handle(Object(Illuminate\\Http\\Request))
#58 {main}
"} 
[2019-02-01 04:07:13] local.ERROR: View [Home.Quizz] not found. {"userId":1,"exception":"[object] (InvalidArgumentException(code: 0): View [Home.Quizz] not found. at /opt/lampp/htdocs/UCSM_VotingAndQuiz_Project/UCSM_Voting/vendor/laravel/framework/src/Illuminate/View/FileViewFinder.php:137)
[stacktrace]
#0 /opt/lampp/htdocs/UCSM_VotingAndQuiz_Project/UCSM_Voting/vendor/laravel/framework/src/Illuminate/View/FileViewFinder.php(79): Illuminate\\View\\FileViewFinder->findInPaths('Home.Quizz', Array)
#1 /opt/lampp/htdocs/UCSM_VotingAndQuiz_Project/UCSM_Voting/vendor/laravel/framework/src/Illuminate/View/Factory.php(130): Illuminate\\View\\FileViewFinder->find('Home.Quizz')
#2 /opt/lampp/htdocs/UCSM_VotingAndQuiz_Project/UCSM_Voting/vendor/laravel/framework/src/Illuminate/Foundation/helpers.php(1011): Illuminate\\View\\Factory->make('Home.Quizz', Array, Array)
#3 /opt/lampp/htdocs/UCSM_VotingAndQuiz_Project/UCSM_Voting/routes/web.php(91): view('Home.Quizz', Array)
#4 /opt/lampp/htdocs/UCSM_VotingAndQuiz_Project/UCSM_Voting/vendor/laravel/framework/src/Illuminate/Routing/Route.php(205): Illuminate\\Routing\\Router->{closure}()
#5 /opt/lampp/htdocs/UCSM_VotingAndQuiz_Project/UCSM_Voting/vendor/laravel/framework/src/Illuminate/Routing/Route.php(179): Illuminate\\Routing\\Route->runCallable()
#6 /opt/lampp/htdocs/UCSM_VotingAndQuiz_Project/UCSM_Voting/vendor/laravel/framework/src/Illuminate/Routing/Router.php(682): Illuminate\\Routing\\Route->run()
#7 /opt/lampp/htdocs/UCSM_VotingAndQuiz_Project/UCSM_Voting/vendor/laravel/framework/src/Illuminate/Routing/Pipeline.php(30): Illuminate\\Routing\\Router->Illuminate\\Routing\\{closure}(Object(Illuminate\\Http\\Request))
#8 /opt/lampp/htdocs/UCSM_VotingAndQuiz_Project/UCSM_Voting/vendor/laravel/framework/src/Illuminate/Routing/Middleware/SubstituteBindings.php(41): Illuminate\\Routing\\Pipeline->Illuminate\\Routing\\{closure}(Object(Illuminate\\Http\\Request))
#9 /opt/lampp/htdocs/UCSM_VotingAndQuiz_Project/UCSM_Voting/vendor/laravel/framework/src/Illuminate/Pipeline/Pipeline.php(151): Illuminate\\Routing\\Middleware\\SubstituteBindings->handle(Object(Illuminate\\Http\\Request), Object(Closure))
#10 /opt/lampp/htdocs/UCSM_VotingAndQuiz_Project/UCSM_Voting/vendor/laravel/framework/src/Illuminate/Routing/Pipeline.php(53): Illuminate\\Pipeline\\Pipeline->Illuminate\\Pipeline\\{closure}(Object(Illuminate\\Http\\Request))
#11 /opt/lampp/htdocs/UCSM_VotingAndQuiz_Project/UCSM_Voting/vendor/laravel/framework/src/Illuminate/Auth/Middleware/Authenticate.php(43): Illuminate\\Routing\\Pipeline->Illuminate\\Routing\\{closure}(Object(Illuminate\\Http\\Request))
#12 /opt/lampp/htdocs/UCSM_VotingAndQuiz_Project/UCSM_Voting/vendor/laravel/framework/src/Illuminate/Pipeline/Pipeline.php(151): Illuminate\\Auth\\Middleware\\Authenticate->handle(Object(Illuminate\\Http\\Request), Object(Closure), 'code')
#13 /opt/lampp/htdocs/UCSM_VotingAndQuiz_Project/UCSM_Voting/vendor/laravel/framework/src/Illuminate/Routing/Pipeline.php(53): Illuminate\\Pipeline\\Pipeline->Illuminate\\Pipeline\\{closure}(Object(Illuminate\\Http\\Request))
#14 /opt/lampp/htdocs/UCSM_VotingAndQuiz_Project/UCSM_Voting/vendor/laravel/framework/src/Illuminate/Foundation/Http/Middleware/VerifyCsrfToken.php(75): Illuminate\\Routing\\Pipeline->Illuminate\\Routing\\{closure}(Object(Illuminate\\Http\\Request))
#15 /opt/lampp/htdocs/UCSM_VotingAndQuiz_Project/UCSM_Voting/vendor/laravel/framework/src/Illuminate/Pipeline/Pipeline.php(151): Illuminate\\Foundation\\Http\\Middleware\\VerifyCsrfToken->handle(Object(Illuminate\\Http\\Request), Object(Closure))
#16 /opt/lampp/htdocs/UCSM_VotingAndQuiz_Project/UCSM_Voting/vendor/laravel/framework/src/Illuminate/Routing/Pipeline.php(53): Illuminate\\Pipeline\\Pipeline->Illuminate\\Pipeline\\{closure}(Object(Illuminate\\Http\\Request))
#17 /opt/lampp/htdocs/UCSM_VotingAndQuiz_Project/UCSM_Voting/vendor/laravel/framework/src/Illuminate/View/Middleware/ShareErrorsFromSession.php(49): Illuminate\\Routing\\Pipeline->Illuminate\\Routing\\{closure}(Object(Illuminate\\Http\\Request))
#18 /opt/lampp/htdocs/UCSM_VotingAndQuiz_Project/UCSM_Voting/vendor/laravel/framework/src/Illuminate/Pipeline/Pipeline.php(151): Illuminate\\View\\Middleware\\ShareErrorsFromSession->handle(Object(Illuminate\\Http\\Request), Object(Closure))
#19 /opt/lampp/htdocs/UCSM_VotingAndQuiz_Project/UCSM_Voting/vendor/laravel/framework/src/Illuminate/Routing/Pipeline.php(53): Illuminate\\Pipeline\\Pipeline->Illuminate\\Pipeline\\{closure}(Object(Illuminate\\Http\\Request))
#20 /opt/lampp/htdocs/UCSM_VotingAndQuiz_Project/UCSM_Voting/vendor/laravel/framework/src/Illuminate/Session/Middleware/StartSession.php(63): Illuminate\\Routing\\Pipeline->Illuminate\\Routing\\{closure}(Object(Illuminate\\Http\\Request))
#21 /opt/lampp/htdocs/UCSM_VotingAndQuiz_Project/UCSM_Voting/vendor/laravel/framework/src/Illuminate/Pipeline/Pipeline.php(151): Illuminate\\Session\\Middleware\\StartSession->handle(Object(Illuminate\\Http\\Request), Object(Closure))
#22 /opt/lampp/htdocs/UCSM_VotingAndQuiz_Project/UCSM_Voting/vendor/laravel/framework/src/Illuminate/Routing/Pipeline.php(53): Illuminate\\Pipeline\\Pipeline->Illuminate\\Pipeline\\{closure}(Object(Illuminate\\Http\\Request))
#23 /opt/lampp/htdocs/UCSM_VotingAndQuiz_Project/UCSM_Voting/vendor/laravel/framework/src/Illuminate/Cookie/Middleware/AddQueuedCookiesToResponse.php(37): Illuminate\\Routing\\Pipeline->Illuminate\\Routing\\{closure}(Object(Illuminate\\Http\\Request))
#24 /opt/lampp/htdocs/UCSM_VotingAndQuiz_Project/UCSM_Voting/vendor/laravel/framework/src/Illuminate/Pipeline/Pipeline.php(151): Illuminate\\Cookie\\Middleware\\AddQueuedCookiesToResponse->handle(Object(Illuminate\\Http\\Request), Object(Closure))
#25 /opt/lampp/htdocs/UCSM_VotingAndQuiz_Project/UCSM_Voting/vendor/laravel/framework/src/Illuminate/Routing/Pipeline.php(53): Illuminate\\Pipeline\\Pipeline->Illuminate\\Pipeline\\{closure}(Object(Illuminate\\Http\\Request))
#26 /opt/lampp/htdocs/UCSM_VotingAndQuiz_Project/UCSM_Voting/vendor/laravel/framework/src/Illuminate/Cookie/Middleware/EncryptCookies.php(66): Illuminate\\Routing\\Pipeline->Illuminate\\Routing\\{closure}(Object(Illuminate\\Http\\Request))
#27 /opt/lampp/htdocs/UCSM_VotingAndQuiz_Project/UCSM_Voting/vendor/laravel/framework/src/Illuminate/Pipeline/Pipeline.php(151): Illuminate\\Cookie\\Middleware\\EncryptCookies->handle(Object(Illuminate\\Http\\Request), Object(Closure))
#28 /opt/lampp/htdocs/UCSM_VotingAndQuiz_Project/UCSM_Voting/vendor/laravel/framework/src/Illuminate/Routing/Pipeline.php(53): Illuminate\\Pipeline\\Pipeline->Illuminate\\Pipeline\\{closure}(Object(Illuminate\\Http\\Request))
#29 /opt/lampp/htdocs/UCSM_VotingAndQuiz_Project/UCSM_Voting/vendor/laravel/framework/src/Illuminate/Pipeline/Pipeline.php(104): Illuminate\\Routing\\Pipeline->Illuminate\\Routing\\{closure}(Object(Illuminate\\Http\\Request))
#30 /opt/lampp/htdocs/UCSM_VotingAndQuiz_Project/UCSM_Voting/vendor/laravel/framework/src/Illuminate/Routing/Router.php(684): Illuminate\\Pipeline\\Pipeline->then(Object(Closure))
#31 /opt/lampp/htdocs/UCSM_VotingAndQuiz_Project/UCSM_Voting/vendor/laravel/framework/src/Illuminate/Routing/Router.php(659): Illuminate\\Routing\\Router->runRouteWithinStack(Object(Illuminate\\Routing\\Route), Object(Illuminate\\Http\\Request))
#32 /opt/lampp/htdocs/UCSM_VotingAndQuiz_Project/UCSM_Voting/vendor/laravel/framework/src/Illuminate/Routing/Router.php(625): Illuminate\\Routing\\Router->runRoute(Object(Illuminate\\Http\\Request), Object(Illuminate\\Routing\\Route))
#33 /opt/lampp/htdocs/UCSM_VotingAndQuiz_Project/UCSM_Voting/vendor/laravel/framework/src/Illuminate/Routing/Router.php(614): Illuminate\\Routing\\Router->dispatchToRoute(Object(Illuminate\\Http\\Request))
#34 /opt/lampp/htdocs/UCSM_VotingAndQuiz_Project/UCSM_Voting/vendor/laravel/framework/src/Illuminate/Foundation/Http/Kernel.php(176): Illuminate\\Routing\\Router->dispatch(Object(Illuminate\\Http\\Request))
#35 /opt/lampp/htdocs/UCSM_VotingAndQuiz_Project/UCSM_Voting/vendor/laravel/framework/src/Illuminate/Routing/Pipeline.php(30): Illuminate\\Foundation\\Http\\Kernel->Illuminate\\Foundation\\Http\\{closure}(Object(Illuminate\\Http\\Request))
#36 /opt/lampp/htdocs/UCSM_VotingAndQuiz_Project/UCSM_Voting/vendor/fideloper/proxy/src/TrustProxies.php(57): Illuminate\\Routing\\Pipeline->Illuminate\\Routing\\{closure}(Object(Illuminate\\Http\\Request))
#37 /opt/lampp/htdocs/UCSM_VotingAndQuiz_Project/UCSM_Voting/vendor/laravel/framework/src/Illuminate/Pipeline/Pipeline.php(151): Fideloper\\Proxy\\TrustProxies->handle(Object(Illuminate\\Http\\Request), Object(Closure))
#38 /opt/lampp/htdocs/UCSM_VotingAndQuiz_Project/UCSM_Voting/vendor/laravel/framework/src/Illuminate/Routing/Pipeline.php(53): Illuminate\\Pipeline\\Pipeline->Illuminate\\Pipeline\\{closure}(Object(Illuminate\\Http\\Request))
#39 /opt/lampp/htdocs/UCSM_VotingAndQuiz_Project/UCSM_Voting/vendor/laravel/framework/src/Illuminate/Foundation/Http/Middleware/TransformsRequest.php(31): Illuminate\\Routing\\Pipeline->Illuminate\\Routing\\{closure}(Object(Illuminate\\Http\\Request))
#40 /opt/lampp/htdocs/UCSM_VotingAndQuiz_Project/UCSM_Voting/vendor/laravel/framework/src/Illuminate/Pipeline/Pipeline.php(151): Illuminate\\Foundation\\Http\\Middleware\\TransformsRequest->handle(Object(Illuminate\\Http\\Request), Object(Closure))
#41 /opt/lampp/htdocs/UCSM_VotingAndQuiz_Project/UCSM_Voting/vendor/laravel/framework/src/Illuminate/Routing/Pipeline.php(53): Illuminate\\Pipeline\\Pipeline->Illuminate\\Pipeline\\{closure}(Object(Illuminate\\Http\\Request))
#42 /opt/lampp/htdocs/UCSM_VotingAndQuiz_Project/UCSM_Voting/vendor/laravel/framework/src/Illuminate/Foundation/Http/Middleware/TransformsRequest.php(31): Illuminate\\Routing\\Pipeline->Illuminate\\Routing\\{closure}(Object(Illuminate\\Http\\Request))
#43 /opt/lampp/htdocs/UCSM_VotingAndQuiz_Project/UCSM_Voting/vendor/laravel/framework/src/Illuminate/Pipeline/Pipeline.php(151): Illuminate\\Foundation\\Http\\Middleware\\TransformsRequest->handle(Object(Illuminate\\Http\\Request), Object(Closure))
#44 /opt/lampp/htdocs/UCSM_VotingAndQuiz_Project/UCSM_Voting/vendor/laravel/framework/src/Illuminate/Routing/Pipeline.php(53): Illuminate\\Pipeline\\Pipeline->Illuminate\\Pipeline\\{closure}(Object(Illuminate\\Http\\Request))
#45 /opt/lampp/htdocs/UCSM_VotingAndQuiz_Project/UCSM_Voting/vendor/laravel/framework/src/Illuminate/Foundation/Http/Middleware/ValidatePostSize.php(27): Illuminate\\Routing\\Pipeline->Illuminate\\Routing\\{closure}(Object(Illuminate\\Http\\Request))
#46 /opt/lampp/htdocs/UCSM_VotingAndQuiz_Project/UCSM_Voting/vendor/laravel/framework/src/Illuminate/Pipeline/Pipeline.php(151): Illuminate\\Foundation\\Http\\Middleware\\ValidatePostSize->handle(Object(Illuminate\\Http\\Request), Object(Closure))
#47 /opt/lampp/htdocs/UCSM_VotingAndQuiz_Project/UCSM_Voting/vendor/laravel/framework/src/Illuminate/Routing/Pipeline.php(53): Illuminate\\Pipeline\\Pipeline->Illuminate\\Pipeline\\{closure}(Object(Illuminate\\Http\\Request))
#48 /opt/lampp/htdocs/UCSM_VotingAndQuiz_Project/UCSM_Voting/vendor/laravel/framework/src/Illuminate/Foundation/Http/Middleware/CheckForMaintenanceMode.php(62): Illuminate\\Routing\\Pipeline->Illuminate\\Routing\\{closure}(Object(Illuminate\\Http\\Request))
#49 /opt/lampp/htdocs/UCSM_VotingAndQuiz_Project/UCSM_Voting/vendor/laravel/framework/src/Illuminate/Pipeline/Pipeline.php(151): Illuminate\\Foundation\\Http\\Middleware\\CheckForMaintenanceMode->handle(Object(Illuminate\\Http\\Request), Object(Closure))
#50 /opt/lampp/htdocs/UCSM_VotingAndQuiz_Project/UCSM_Voting/vendor/laravel/framework/src/Illuminate/Routing/Pipeline.php(53): Illuminate\\Pipeline\\Pipeline->Illuminate\\Pipeline\\{closure}(Object(Illuminate\\Http\\Request))
#51 /opt/lampp/htdocs/UCSM_VotingAndQuiz_Project/UCSM_Voting/vendor/laravel/framework/src/Illuminate/Pipeline/Pipeline.php(104): Illuminate\\Routing\\Pipeline->Illuminate\\Routing\\{closure}(Object(Illuminate\\Http\\Request))
#52 /opt/lampp/htdocs/UCSM_VotingAndQuiz_Project/UCSM_Voting/vendor/laravel/framework/src/Illuminate/Foundation/Http/Kernel.php(151): Illuminate\\Pipeline\\Pipeline->then(Object(Closure))
#53 /opt/lampp/htdocs/UCSM_VotingAndQuiz_Project/UCSM_Voting/vendor/laravel/framework/src/Illuminate/Foundation/Http/Kernel.php(116): Illuminate\\Foundation\\Http\\Kernel->sendRequestThroughRouter(Object(Illuminate\\Http\\Request))
#54 /opt/lampp/htdocs/UCSM_VotingAndQuiz_Project/UCSM_Voting/public/index.php(55): Illuminate\\Foundation\\Http\\Kernel->handle(Object(Illuminate\\Http\\Request))
#55 {main}
"} 
[2019-02-01 04:16:30] local.ERROR: View [Home.Quizz] not found. {"userId":1,"exception":"[object] (InvalidArgumentException(code: 0): View [Home.Quizz] not found. at /opt/lampp/htdocs/UCSM_VotingAndQuiz_Project/UCSM_Voting/vendor/laravel/framework/src/Illuminate/View/FileViewFinder.php:137)
[stacktrace]
#0 /opt/lampp/htdocs/UCSM_VotingAndQuiz_Project/UCSM_Voting/vendor/laravel/framework/src/Illuminate/View/FileViewFinder.php(79): Illuminate\\View\\FileViewFinder->findInPaths('Home.Quizz', Array)
#1 /opt/lampp/htdocs/UCSM_VotingAndQuiz_Project/UCSM_Voting/vendor/laravel/framework/src/Illuminate/View/Factory.php(130): Illuminate\\View\\FileViewFinder->find('Home.Quizz')
#2 /opt/lampp/htdocs/UCSM_VotingAndQuiz_Project/UCSM_Voting/vendor/laravel/framework/src/Illuminate/Foundation/helpers.php(1011): Illuminate\\View\\Factory->make('Home.Quizz', Array, Array)
#3 /opt/lampp/htdocs/UCSM_VotingAndQuiz_Project/UCSM_Voting/routes/web.php(91): view('Home.Quizz', Array)
#4 /opt/lampp/htdocs/UCSM_VotingAndQuiz_Project/UCSM_Voting/vendor/laravel/framework/src/Illuminate/Routing/Route.php(205): Illuminate\\Routing\\Router->{closure}()
#5 /opt/lampp/htdocs/UCSM_VotingAndQuiz_Project/UCSM_Voting/vendor/laravel/framework/src/Illuminate/Routing/Route.php(179): Illuminate\\Routing\\Route->runCallable()
#6 /opt/lampp/htdocs/UCSM_VotingAndQuiz_Project/UCSM_Voting/vendor/laravel/framework/src/Illuminate/Routing/Router.php(682): Illuminate\\Routing\\Route->run()
#7 /opt/lampp/htdocs/UCSM_VotingAndQuiz_Project/UCSM_Voting/vendor/laravel/framework/src/Illuminate/Routing/Pipeline.php(30): Illuminate\\Routing\\Router->Illuminate\\Routing\\{closure}(Object(Illuminate\\Http\\Request))
#8 /opt/lampp/htdocs/UCSM_VotingAndQuiz_Project/UCSM_Voting/vendor/laravel/framework/src/Illuminate/Routing/Middleware/SubstituteBindings.php(41): Illuminate\\Routing\\Pipeline->Illuminate\\Routing\\{closure}(Object(Illuminate\\Http\\Request))
#9 /opt/lampp/htdocs/UCSM_VotingAndQuiz_Project/UCSM_Voting/vendor/laravel/framework/src/Illuminate/Pipeline/Pipeline.php(151): Illuminate\\Routing\\Middleware\\SubstituteBindings->handle(Object(Illuminate\\Http\\Request), Object(Closure))
#10 /opt/lampp/htdocs/UCSM_VotingAndQuiz_Project/UCSM_Voting/vendor/laravel/framework/src/Illuminate/Routing/Pipeline.php(53): Illuminate\\Pipeline\\Pipeline->Illuminate\\Pipeline\\{closure}(Object(Illuminate\\Http\\Request))
#11 /opt/lampp/htdocs/UCSM_VotingAndQuiz_Project/UCSM_Voting/vendor/laravel/framework/src/Illuminate/Auth/Middleware/Authenticate.php(43): Illuminate\\Routing\\Pipeline->Illuminate\\Routing\\{closure}(Object(Illuminate\\Http\\Request))
#12 /opt/lampp/htdocs/UCSM_VotingAndQuiz_Project/UCSM_Voting/vendor/laravel/framework/src/Illuminate/Pipeline/Pipeline.php(151): Illuminate\\Auth\\Middleware\\Authenticate->handle(Object(Illuminate\\Http\\Request), Object(Closure), 'code')
#13 /opt/lampp/htdocs/UCSM_VotingAndQuiz_Project/UCSM_Voting/vendor/laravel/framework/src/Illuminate/Routing/Pipeline.php(53): Illuminate\\Pipeline\\Pipeline->Illuminate\\Pipeline\\{closure}(Object(Illuminate\\Http\\Request))
#14 /opt/lampp/htdocs/UCSM_VotingAndQuiz_Project/UCSM_Voting/vendor/laravel/framework/src/Illuminate/Foundation/Http/Middleware/VerifyCsrfToken.php(75): Illuminate\\Routing\\Pipeline->Illuminate\\Routing\\{closure}(Object(Illuminate\\Http\\Request))
#15 /opt/lampp/htdocs/UCSM_VotingAndQuiz_Project/UCSM_Voting/vendor/laravel/framework/src/Illuminate/Pipeline/Pipeline.php(151): Illuminate\\Foundation\\Http\\Middleware\\VerifyCsrfToken->handle(Object(Illuminate\\Http\\Request), Object(Closure))
#16 /opt/lampp/htdocs/UCSM_VotingAndQuiz_Project/UCSM_Voting/vendor/laravel/framework/src/Illuminate/Routing/Pipeline.php(53): Illuminate\\Pipeline\\Pipeline->Illuminate\\Pipeline\\{closure}(Object(Illuminate\\Http\\Request))
#17 /opt/lampp/htdocs/UCSM_VotingAndQuiz_Project/UCSM_Voting/vendor/laravel/framework/src/Illuminate/View/Middleware/ShareErrorsFromSession.php(49): Illuminate\\Routing\\Pipeline->Illuminate\\Routing\\{closure}(Object(Illuminate\\Http\\Request))
#18 /opt/lampp/htdocs/UCSM_VotingAndQuiz_Project/UCSM_Voting/vendor/laravel/framework/src/Illuminate/Pipeline/Pipeline.php(151): Illuminate\\View\\Middleware\\ShareErrorsFromSession->handle(Object(Illuminate\\Http\\Request), Object(Closure))
#19 /opt/lampp/htdocs/UCSM_VotingAndQuiz_Project/UCSM_Voting/vendor/laravel/framework/src/Illuminate/Routing/Pipeline.php(53): Illuminate\\Pipeline\\Pipeline->Illuminate\\Pipeline\\{closure}(Object(Illuminate\\Http\\Request))
#20 /opt/lampp/htdocs/UCSM_VotingAndQuiz_Project/UCSM_Voting/vendor/laravel/framework/src/Illuminate/Session/Middleware/StartSession.php(63): Illuminate\\Routing\\Pipeline->Illuminate\\Routing\\{closure}(Object(Illuminate\\Http\\Request))
#21 /opt/lampp/htdocs/UCSM_VotingAndQuiz_Project/UCSM_Voting/vendor/laravel/framework/src/Illuminate/Pipeline/Pipeline.php(151): Illuminate\\Session\\Middleware\\StartSession->handle(Object(Illuminate\\Http\\Request), Object(Closure))
#22 /opt/lampp/htdocs/UCSM_VotingAndQuiz_Project/UCSM_Voting/vendor/laravel/framework/src/Illuminate/Routing/Pipeline.php(53): Illuminate\\Pipeline\\Pipeline->Illuminate\\Pipeline\\{closure}(Object(Illuminate\\Http\\Request))
#23 /opt/lampp/htdocs/UCSM_VotingAndQuiz_Project/UCSM_Voting/vendor/laravel/framework/src/Illuminate/Cookie/Middleware/AddQueuedCookiesToResponse.php(37): Illuminate\\Routing\\Pipeline->Illuminate\\Routing\\{closure}(Object(Illuminate\\Http\\Request))
#24 /opt/lampp/htdocs/UCSM_VotingAndQuiz_Project/UCSM_Voting/vendor/laravel/framework/src/Illuminate/Pipeline/Pipeline.php(151): Illuminate\\Cookie\\Middleware\\AddQueuedCookiesToResponse->handle(Object(Illuminate\\Http\\Request), Object(Closure))
#25 /opt/lampp/htdocs/UCSM_VotingAndQuiz_Project/UCSM_Voting/vendor/laravel/framework/src/Illuminate/Routing/Pipeline.php(53): Illuminate\\Pipeline\\Pipeline->Illuminate\\Pipeline\\{closure}(Object(Illuminate\\Http\\Request))
#26 /opt/lampp/htdocs/UCSM_VotingAndQuiz_Project/UCSM_Voting/vendor/laravel/framework/src/Illuminate/Cookie/Middleware/EncryptCookies.php(66): Illuminate\\Routing\\Pipeline->Illuminate\\Routing\\{closure}(Object(Illuminate\\Http\\Request))
#27 /opt/lampp/htdocs/UCSM_VotingAndQuiz_Project/UCSM_Voting/vendor/laravel/framework/src/Illuminate/Pipeline/Pipeline.php(151): Illuminate\\Cookie\\Middleware\\EncryptCookies->handle(Object(Illuminate\\Http\\Request), Object(Closure))
#28 /opt/lampp/htdocs/UCSM_VotingAndQuiz_Project/UCSM_Voting/vendor/laravel/framework/src/Illuminate/Routing/Pipeline.php(53): Illuminate\\Pipeline\\Pipeline->Illuminate\\Pipeline\\{closure}(Object(Illuminate\\Http\\Request))
#29 /opt/lampp/htdocs/UCSM_VotingAndQuiz_Project/UCSM_Voting/vendor/laravel/framework/src/Illuminate/Pipeline/Pipeline.php(104): Illuminate\\Routing\\Pipeline->Illuminate\\Routing\\{closure}(Object(Illuminate\\Http\\Request))
#30 /opt/lampp/htdocs/UCSM_VotingAndQuiz_Project/UCSM_Voting/vendor/laravel/framework/src/Illuminate/Routing/Router.php(684): Illuminate\\Pipeline\\Pipeline->then(Object(Closure))
#31 /opt/lampp/htdocs/UCSM_VotingAndQuiz_Project/UCSM_Voting/vendor/laravel/framework/src/Illuminate/Routing/Router.php(659): Illuminate\\Routing\\Router->runRouteWithinStack(Object(Illuminate\\Routing\\Route), Object(Illuminate\\Http\\Request))
#32 /opt/lampp/htdocs/UCSM_VotingAndQuiz_Project/UCSM_Voting/vendor/laravel/framework/src/Illuminate/Routing/Router.php(625): Illuminate\\Routing\\Router->runRoute(Object(Illuminate\\Http\\Request), Object(Illuminate\\Routing\\Route))
#33 /opt/lampp/htdocs/UCSM_VotingAndQuiz_Project/UCSM_Voting/vendor/laravel/framework/src/Illuminate/Routing/Router.php(614): Illuminate\\Routing\\Router->dispatchToRoute(Object(Illuminate\\Http\\Request))
#34 /opt/lampp/htdocs/UCSM_VotingAndQuiz_Project/UCSM_Voting/vendor/laravel/framework/src/Illuminate/Foundation/Http/Kernel.php(176): Illuminate\\Routing\\Router->dispatch(Object(Illuminate\\Http\\Request))
#35 /opt/lampp/htdocs/UCSM_VotingAndQuiz_Project/UCSM_Voting/vendor/laravel/framework/src/Illuminate/Routing/Pipeline.php(30): Illuminate\\Foundation\\Http\\Kernel->Illuminate\\Foundation\\Http\\{closure}(Object(Illuminate\\Http\\Request))
#36 /opt/lampp/htdocs/UCSM_VotingAndQuiz_Project/UCSM_Voting/vendor/fideloper/proxy/src/TrustProxies.php(57): Illuminate\\Routing\\Pipeline->Illuminate\\Routing\\{closure}(Object(Illuminate\\Http\\Request))
#37 /opt/lampp/htdocs/UCSM_VotingAndQuiz_Project/UCSM_Voting/vendor/laravel/framework/src/Illuminate/Pipeline/Pipeline.php(151): Fideloper\\Proxy\\TrustProxies->handle(Object(Illuminate\\Http\\Request), Object(Closure))
#38 /opt/lampp/htdocs/UCSM_VotingAndQuiz_Project/UCSM_Voting/vendor/laravel/framework/src/Illuminate/Routing/Pipeline.php(53): Illuminate\\Pipeline\\Pipeline->Illuminate\\Pipeline\\{closure}(Object(Illuminate\\Http\\Request))
#39 /opt/lampp/htdocs/UCSM_VotingAndQuiz_Project/UCSM_Voting/vendor/laravel/framework/src/Illuminate/Foundation/Http/Middleware/TransformsRequest.php(31): Illuminate\\Routing\\Pipeline->Illuminate\\Routing\\{closure}(Object(Illuminate\\Http\\Request))
#40 /opt/lampp/htdocs/UCSM_VotingAndQuiz_Project/UCSM_Voting/vendor/laravel/framework/src/Illuminate/Pipeline/Pipeline.php(151): Illuminate\\Foundation\\Http\\Middleware\\TransformsRequest->handle(Object(Illuminate\\Http\\Request), Object(Closure))
#41 /opt/lampp/htdocs/UCSM_VotingAndQuiz_Project/UCSM_Voting/vendor/laravel/framework/src/Illuminate/Routing/Pipeline.php(53): Illuminate\\Pipeline\\Pipeline->Illuminate\\Pipeline\\{closure}(Object(Illuminate\\Http\\Request))
#42 /opt/lampp/htdocs/UCSM_VotingAndQuiz_Project/UCSM_Voting/vendor/laravel/framework/src/Illuminate/Foundation/Http/Middleware/TransformsRequest.php(31): Illuminate\\Routing\\Pipeline->Illuminate\\Routing\\{closure}(Object(Illuminate\\Http\\Request))
#43 /opt/lampp/htdocs/UCSM_VotingAndQuiz_Project/UCSM_Voting/vendor/laravel/framework/src/Illuminate/Pipeline/Pipeline.php(151): Illuminate\\Foundation\\Http\\Middleware\\TransformsRequest->handle(Object(Illuminate\\Http\\Request), Object(Closure))
#44 /opt/lampp/htdocs/UCSM_VotingAndQuiz_Project/UCSM_Voting/vendor/laravel/framework/src/Illuminate/Routing/Pipeline.php(53): Illuminate\\Pipeline\\Pipeline->Illuminate\\Pipeline\\{closure}(Object(Illuminate\\Http\\Request))
#45 /opt/lampp/htdocs/UCSM_VotingAndQuiz_Project/UCSM_Voting/vendor/laravel/framework/src/Illuminate/Foundation/Http/Middleware/ValidatePostSize.php(27): Illuminate\\Routing\\Pipeline->Illuminate\\Routing\\{closure}(Object(Illuminate\\Http\\Request))
#46 /opt/lampp/htdocs/UCSM_VotingAndQuiz_Project/UCSM_Voting/vendor/laravel/framework/src/Illuminate/Pipeline/Pipeline.php(151): Illuminate\\Foundation\\Http\\Middleware\\ValidatePostSize->handle(Object(Illuminate\\Http\\Request), Object(Closure))
#47 /opt/lampp/htdocs/UCSM_VotingAndQuiz_Project/UCSM_Voting/vendor/laravel/framework/src/Illuminate/Routing/Pipeline.php(53): Illuminate\\Pipeline\\Pipeline->Illuminate\\Pipeline\\{closure}(Object(Illuminate\\Http\\Request))
#48 /opt/lampp/htdocs/UCSM_VotingAndQuiz_Project/UCSM_Voting/vendor/laravel/framework/src/Illuminate/Foundation/Http/Middleware/CheckForMaintenanceMode.php(62): Illuminate\\Routing\\Pipeline->Illuminate\\Routing\\{closure}(Object(Illuminate\\Http\\Request))
#49 /opt/lampp/htdocs/UCSM_VotingAndQuiz_Project/UCSM_Voting/vendor/laravel/framework/src/Illuminate/Pipeline/Pipeline.php(151): Illuminate\\Foundation\\Http\\Middleware\\CheckForMaintenanceMode->handle(Object(Illuminate\\Http\\Request), Object(Closure))
#50 /opt/lampp/htdocs/UCSM_VotingAndQuiz_Project/UCSM_Voting/vendor/laravel/framework/src/Illuminate/Routing/Pipeline.php(53): Illuminate\\Pipeline\\Pipeline->Illuminate\\Pipeline\\{closure}(Object(Illuminate\\Http\\Request))
#51 /opt/lampp/htdocs/UCSM_VotingAndQuiz_Project/UCSM_Voting/vendor/laravel/framework/src/Illuminate/Pipeline/Pipeline.php(104): Illuminate\\Routing\\Pipeline->Illuminate\\Routing\\{closure}(Object(Illuminate\\Http\\Request))
#52 /opt/lampp/htdocs/UCSM_VotingAndQuiz_Project/UCSM_Voting/vendor/laravel/framework/src/Illuminate/Foundation/Http/Kernel.php(151): Illuminate\\Pipeline\\Pipeline->then(Object(Closure))
#53 /opt/lampp/htdocs/UCSM_VotingAndQuiz_Project/UCSM_Voting/vendor/laravel/framework/src/Illuminate/Foundation/Http/Kernel.php(116): Illuminate\\Foundation\\Http\\Kernel->sendRequestThroughRouter(Object(Illuminate\\Http\\Request))
#54 /opt/lampp/htdocs/UCSM_VotingAndQuiz_Project/UCSM_Voting/public/index.php(55): Illuminate\\Foundation\\Http\\Kernel->handle(Object(Illuminate\\Http\\Request))
#55 {main}
"} 
[2019-02-01 04:16:34] local.ERROR: View [Home.Quizz] not found. {"userId":1,"exception":"[object] (InvalidArgumentException(code: 0): View [Home.Quizz] not found. at /opt/lampp/htdocs/UCSM_VotingAndQuiz_Project/UCSM_Voting/vendor/laravel/framework/src/Illuminate/View/FileViewFinder.php:137)
[stacktrace]
#0 /opt/lampp/htdocs/UCSM_VotingAndQuiz_Project/UCSM_Voting/vendor/laravel/framework/src/Illuminate/View/FileViewFinder.php(79): Illuminate\\View\\FileViewFinder->findInPaths('Home.Quizz', Array)
#1 /opt/lampp/htdocs/UCSM_VotingAndQuiz_Project/UCSM_Voting/vendor/laravel/framework/src/Illuminate/View/Factory.php(130): Illuminate\\View\\FileViewFinder->find('Home.Quizz')
#2 /opt/lampp/htdocs/UCSM_VotingAndQuiz_Project/UCSM_Voting/vendor/laravel/framework/src/Illuminate/Foundation/helpers.php(1011): Illuminate\\View\\Factory->make('Home.Quizz', Array, Array)
#3 /opt/lampp/htdocs/UCSM_VotingAndQuiz_Project/UCSM_Voting/routes/web.php(91): view('Home.Quizz', Array)
#4 /opt/lampp/htdocs/UCSM_VotingAndQuiz_Project/UCSM_Voting/vendor/laravel/framework/src/Illuminate/Routing/Route.php(205): Illuminate\\Routing\\Router->{closure}()
#5 /opt/lampp/htdocs/UCSM_VotingAndQuiz_Project/UCSM_Voting/vendor/laravel/framework/src/Illuminate/Routing/Route.php(179): Illuminate\\Routing\\Route->runCallable()
#6 /opt/lampp/htdocs/UCSM_VotingAndQuiz_Project/UCSM_Voting/vendor/laravel/framework/src/Illuminate/Routing/Router.php(682): Illuminate\\Routing\\Route->run()
#7 /opt/lampp/htdocs/UCSM_VotingAndQuiz_Project/UCSM_Voting/vendor/laravel/framework/src/Illuminate/Routing/Pipeline.php(30): Illuminate\\Routing\\Router->Illuminate\\Routing\\{closure}(Object(Illuminate\\Http\\Request))
#8 /opt/lampp/htdocs/UCSM_VotingAndQuiz_Project/UCSM_Voting/vendor/laravel/framework/src/Illuminate/Routing/Middleware/SubstituteBindings.php(41): Illuminate\\Routing\\Pipeline->Illuminate\\Routing\\{closure}(Object(Illuminate\\Http\\Request))
#9 /opt/lampp/htdocs/UCSM_VotingAndQuiz_Project/UCSM_Voting/vendor/laravel/framework/src/Illuminate/Pipeline/Pipeline.php(151): Illuminate\\Routing\\Middleware\\SubstituteBindings->handle(Object(Illuminate\\Http\\Request), Object(Closure))
#10 /opt/lampp/htdocs/UCSM_VotingAndQuiz_Project/UCSM_Voting/vendor/laravel/framework/src/Illuminate/Routing/Pipeline.php(53): Illuminate\\Pipeline\\Pipeline->Illuminate\\Pipeline\\{closure}(Object(Illuminate\\Http\\Request))
#11 /opt/lampp/htdocs/UCSM_VotingAndQuiz_Project/UCSM_Voting/vendor/laravel/framework/src/Illuminate/Auth/Middleware/Authenticate.php(43): Illuminate\\Routing\\Pipeline->Illuminate\\Routing\\{closure}(Object(Illuminate\\Http\\Request))
#12 /opt/lampp/htdocs/UCSM_VotingAndQuiz_Project/UCSM_Voting/vendor/laravel/framework/src/Illuminate/Pipeline/Pipeline.php(151): Illuminate\\Auth\\Middleware\\Authenticate->handle(Object(Illuminate\\Http\\Request), Object(Closure), 'code')
#13 /opt/lampp/htdocs/UCSM_VotingAndQuiz_Project/UCSM_Voting/vendor/laravel/framework/src/Illuminate/Routing/Pipeline.php(53): Illuminate\\Pipeline\\Pipeline->Illuminate\\Pipeline\\{closure}(Object(Illuminate\\Http\\Request))
#14 /opt/lampp/htdocs/UCSM_VotingAndQuiz_Project/UCSM_Voting/vendor/laravel/framework/src/Illuminate/Foundation/Http/Middleware/VerifyCsrfToken.php(75): Illuminate\\Routing\\Pipeline->Illuminate\\Routing\\{closure}(Object(Illuminate\\Http\\Request))
#15 /opt/lampp/htdocs/UCSM_VotingAndQuiz_Project/UCSM_Voting/vendor/laravel/framework/src/Illuminate/Pipeline/Pipeline.php(151): Illuminate\\Foundation\\Http\\Middleware\\VerifyCsrfToken->handle(Object(Illuminate\\Http\\Request), Object(Closure))
#16 /opt/lampp/htdocs/UCSM_VotingAndQuiz_Project/UCSM_Voting/vendor/laravel/framework/src/Illuminate/Routing/Pipeline.php(53): Illuminate\\Pipeline\\Pipeline->Illuminate\\Pipeline\\{closure}(Object(Illuminate\\Http\\Request))
#17 /opt/lampp/htdocs/UCSM_VotingAndQuiz_Project/UCSM_Voting/vendor/laravel/framework/src/Illuminate/View/Middleware/ShareErrorsFromSession.php(49): Illuminate\\Routing\\Pipeline->Illuminate\\Routing\\{closure}(Object(Illuminate\\Http\\Request))
#18 /opt/lampp/htdocs/UCSM_VotingAndQuiz_Project/UCSM_Voting/vendor/laravel/framework/src/Illuminate/Pipeline/Pipeline.php(151): Illuminate\\View\\Middleware\\ShareErrorsFromSession->handle(Object(Illuminate\\Http\\Request), Object(Closure))
#19 /opt/lampp/htdocs/UCSM_VotingAndQuiz_Project/UCSM_Voting/vendor/laravel/framework/src/Illuminate/Routing/Pipeline.php(53): Illuminate\\Pipeline\\Pipeline->Illuminate\\Pipeline\\{closure}(Object(Illuminate\\Http\\Request))
#20 /opt/lampp/htdocs/UCSM_VotingAndQuiz_Project/UCSM_Voting/vendor/laravel/framework/src/Illuminate/Session/Middleware/StartSession.php(63): Illuminate\\Routing\\Pipeline->Illuminate\\Routing\\{closure}(Object(Illuminate\\Http\\Request))
#21 /opt/lampp/htdocs/UCSM_VotingAndQuiz_Project/UCSM_Voting/vendor/laravel/framework/src/Illuminate/Pipeline/Pipeline.php(151): Illuminate\\Session\\Middleware\\StartSession->handle(Object(Illuminate\\Http\\Request), Object(Closure))
#22 /opt/lampp/htdocs/UCSM_VotingAndQuiz_Project/UCSM_Voting/vendor/laravel/framework/src/Illuminate/Routing/Pipeline.php(53): Illuminate\\Pipeline\\Pipeline->Illuminate\\Pipeline\\{closure}(Object(Illuminate\\Http\\Request))
#23 /opt/lampp/htdocs/UCSM_VotingAndQuiz_Project/UCSM_Voting/vendor/laravel/framework/src/Illuminate/Cookie/Middleware/AddQueuedCookiesToResponse.php(37): Illuminate\\Routing\\Pipeline->Illuminate\\Routing\\{closure}(Object(Illuminate\\Http\\Request))
#24 /opt/lampp/htdocs/UCSM_VotingAndQuiz_Project/UCSM_Voting/vendor/laravel/framework/src/Illuminate/Pipeline/Pipeline.php(151): Illuminate\\Cookie\\Middleware\\AddQueuedCookiesToResponse->handle(Object(Illuminate\\Http\\Request), Object(Closure))
#25 /opt/lampp/htdocs/UCSM_VotingAndQuiz_Project/UCSM_Voting/vendor/laravel/framework/src/Illuminate/Routing/Pipeline.php(53): Illuminate\\Pipeline\\Pipeline->Illuminate\\Pipeline\\{closure}(Object(Illuminate\\Http\\Request))
#26 /opt/lampp/htdocs/UCSM_VotingAndQuiz_Project/UCSM_Voting/vendor/laravel/framework/src/Illuminate/Cookie/Middleware/EncryptCookies.php(66): Illuminate\\Routing\\Pipeline->Illuminate\\Routing\\{closure}(Object(Illuminate\\Http\\Request))
#27 /opt/lampp/htdocs/UCSM_VotingAndQuiz_Project/UCSM_Voting/vendor/laravel/framework/src/Illuminate/Pipeline/Pipeline.php(151): Illuminate\\Cookie\\Middleware\\EncryptCookies->handle(Object(Illuminate\\Http\\Request), Object(Closure))
#28 /opt/lampp/htdocs/UCSM_VotingAndQuiz_Project/UCSM_Voting/vendor/laravel/framework/src/Illuminate/Routing/Pipeline.php(53): Illuminate\\Pipeline\\Pipeline->Illuminate\\Pipeline\\{closure}(Object(Illuminate\\Http\\Request))
#29 /opt/lampp/htdocs/UCSM_VotingAndQuiz_Project/UCSM_Voting/vendor/laravel/framework/src/Illuminate/Pipeline/Pipeline.php(104): Illuminate\\Routing\\Pipeline->Illuminate\\Routing\\{closure}(Object(Illuminate\\Http\\Request))
#30 /opt/lampp/htdocs/UCSM_VotingAndQuiz_Project/UCSM_Voting/vendor/laravel/framework/src/Illuminate/Routing/Router.php(684): Illuminate\\Pipeline\\Pipeline->then(Object(Closure))
#31 /opt/lampp/htdocs/UCSM_VotingAndQuiz_Project/UCSM_Voting/vendor/laravel/framework/src/Illuminate/Routing/Router.php(659): Illuminate\\Routing\\Router->runRouteWithinStack(Object(Illuminate\\Routing\\Route), Object(Illuminate\\Http\\Request))
#32 /opt/lampp/htdocs/UCSM_VotingAndQuiz_Project/UCSM_Voting/vendor/laravel/framework/src/Illuminate/Routing/Router.php(625): Illuminate\\Routing\\Router->runRoute(Object(Illuminate\\Http\\Request), Object(Illuminate\\Routing\\Route))
#33 /opt/lampp/htdocs/UCSM_VotingAndQuiz_Project/UCSM_Voting/vendor/laravel/framework/src/Illuminate/Routing/Router.php(614): Illuminate\\Routing\\Router->dispatchToRoute(Object(Illuminate\\Http\\Request))
#34 /opt/lampp/htdocs/UCSM_VotingAndQuiz_Project/UCSM_Voting/vendor/laravel/framework/src/Illuminate/Foundation/Http/Kernel.php(176): Illuminate\\Routing\\Router->dispatch(Object(Illuminate\\Http\\Request))
#35 /opt/lampp/htdocs/UCSM_VotingAndQuiz_Project/UCSM_Voting/vendor/laravel/framework/src/Illuminate/Routing/Pipeline.php(30): Illuminate\\Foundation\\Http\\Kernel->Illuminate\\Foundation\\Http\\{closure}(Object(Illuminate\\Http\\Request))
#36 /opt/lampp/htdocs/UCSM_VotingAndQuiz_Project/UCSM_Voting/vendor/fideloper/proxy/src/TrustProxies.php(57): Illuminate\\Routing\\Pipeline->Illuminate\\Routing\\{closure}(Object(Illuminate\\Http\\Request))
#37 /opt/lampp/htdocs/UCSM_VotingAndQuiz_Project/UCSM_Voting/vendor/laravel/framework/src/Illuminate/Pipeline/Pipeline.php(151): Fideloper\\Proxy\\TrustProxies->handle(Object(Illuminate\\Http\\Request), Object(Closure))
#38 /opt/lampp/htdocs/UCSM_VotingAndQuiz_Project/UCSM_Voting/vendor/laravel/framework/src/Illuminate/Routing/Pipeline.php(53): Illuminate\\Pipeline\\Pipeline->Illuminate\\Pipeline\\{closure}(Object(Illuminate\\Http\\Request))
#39 /opt/lampp/htdocs/UCSM_VotingAndQuiz_Project/UCSM_Voting/vendor/laravel/framework/src/Illuminate/Foundation/Http/Middleware/TransformsRequest.php(31): Illuminate\\Routing\\Pipeline->Illuminate\\Routing\\{closure}(Object(Illuminate\\Http\\Request))
#40 /opt/lampp/htdocs/UCSM_VotingAndQuiz_Project/UCSM_Voting/vendor/laravel/framework/src/Illuminate/Pipeline/Pipeline.php(151): Illuminate\\Foundation\\Http\\Middleware\\TransformsRequest->handle(Object(Illuminate\\Http\\Request), Object(Closure))
#41 /opt/lampp/htdocs/UCSM_VotingAndQuiz_Project/UCSM_Voting/vendor/laravel/framework/src/Illuminate/Routing/Pipeline.php(53): Illuminate\\Pipeline\\Pipeline->Illuminate\\Pipeline\\{closure}(Object(Illuminate\\Http\\Request))
#42 /opt/lampp/htdocs/UCSM_VotingAndQuiz_Project/UCSM_Voting/vendor/laravel/framework/src/Illuminate/Foundation/Http/Middleware/TransformsRequest.php(31): Illuminate\\Routing\\Pipeline->Illuminate\\Routing\\{closure}(Object(Illuminate\\Http\\Request))
#43 /opt/lampp/htdocs/UCSM_VotingAndQuiz_Project/UCSM_Voting/vendor/laravel/framework/src/Illuminate/Pipeline/Pipeline.php(151): Illuminate\\Foundation\\Http\\Middleware\\TransformsRequest->handle(Object(Illuminate\\Http\\Request), Object(Closure))
#44 /opt/lampp/htdocs/UCSM_VotingAndQuiz_Project/UCSM_Voting/vendor/laravel/framework/src/Illuminate/Routing/Pipeline.php(53): Illuminate\\Pipeline\\Pipeline->Illuminate\\Pipeline\\{closure}(Object(Illuminate\\Http\\Request))
#45 /opt/lampp/htdocs/UCSM_VotingAndQuiz_Project/UCSM_Voting/vendor/laravel/framework/src/Illuminate/Foundation/Http/Middleware/ValidatePostSize.php(27): Illuminate\\Routing\\Pipeline->Illuminate\\Routing\\{closure}(Object(Illuminate\\Http\\Request))
#46 /opt/lampp/htdocs/UCSM_VotingAndQuiz_Project/UCSM_Voting/vendor/laravel/framework/src/Illuminate/Pipeline/Pipeline.php(151): Illuminate\\Foundation\\Http\\Middleware\\ValidatePostSize->handle(Object(Illuminate\\Http\\Request), Object(Closure))
#47 /opt/lampp/htdocs/UCSM_VotingAndQuiz_Project/UCSM_Voting/vendor/laravel/framework/src/Illuminate/Routing/Pipeline.php(53): Illuminate\\Pipeline\\Pipeline->Illuminate\\Pipeline\\{closure}(Object(Illuminate\\Http\\Request))
#48 /opt/lampp/htdocs/UCSM_VotingAndQuiz_Project/UCSM_Voting/vendor/laravel/framework/src/Illuminate/Foundation/Http/Middleware/CheckForMaintenanceMode.php(62): Illuminate\\Routing\\Pipeline->Illuminate\\Routing\\{closure}(Object(Illuminate\\Http\\Request))
#49 /opt/lampp/htdocs/UCSM_VotingAndQuiz_Project/UCSM_Voting/vendor/laravel/framework/src/Illuminate/Pipeline/Pipeline.php(151): Illuminate\\Foundation\\Http\\Middleware\\CheckForMaintenanceMode->handle(Object(Illuminate\\Http\\Request), Object(Closure))
#50 /opt/lampp/htdocs/UCSM_VotingAndQuiz_Project/UCSM_Voting/vendor/laravel/framework/src/Illuminate/Routing/Pipeline.php(53): Illuminate\\Pipeline\\Pipeline->Illuminate\\Pipeline\\{closure}(Object(Illuminate\\Http\\Request))
#51 /opt/lampp/htdocs/UCSM_VotingAndQuiz_Project/UCSM_Voting/vendor/laravel/framework/src/Illuminate/Pipeline/Pipeline.php(104): Illuminate\\Routing\\Pipeline->Illuminate\\Routing\\{closure}(Object(Illuminate\\Http\\Request))
#52 /opt/lampp/htdocs/UCSM_VotingAndQuiz_Project/UCSM_Voting/vendor/laravel/framework/src/Illuminate/Foundation/Http/Kernel.php(151): Illuminate\\Pipeline\\Pipeline->then(Object(Closure))
#53 /opt/lampp/htdocs/UCSM_VotingAndQuiz_Project/UCSM_Voting/vendor/laravel/framework/src/Illuminate/Foundation/Http/Kernel.php(116): Illuminate\\Foundation\\Http\\Kernel->sendRequestThroughRouter(Object(Illuminate\\Http\\Request))
#54 /opt/lampp/htdocs/UCSM_VotingAndQuiz_Project/UCSM_Voting/public/index.php(55): Illuminate\\Foundation\\Http\\Kernel->handle(Object(Illuminate\\Http\\Request))
#55 {main}
"} 
[2019-02-01 09:54:49] local.ERROR: syntax error, unexpected end of file, expecting elseif (T_ELSEIF) or else (T_ELSE) or endif (T_ENDIF) (View: /opt/lampp/htdocs/UCSM_VotingAndQuiz_Project/UCSM_Voting/resources/views/Home/Quizzes.blade.php) {"userId":1,"exception":"[object] (ErrorException(code: 0): syntax error, unexpected end of file, expecting elseif (T_ELSEIF) or else (T_ELSE) or endif (T_ENDIF) (View: /opt/lampp/htdocs/UCSM_VotingAndQuiz_Project/UCSM_Voting/resources/views/Home/Quizzes.blade.php) at /opt/lampp/htdocs/UCSM_VotingAndQuiz_Project/UCSM_Voting/storage/framework/views/1aff80e97374e0e6dacf0f2ac5d4c4aa55bed9f1.php:280, Symfony\\Component\\Debug\\Exception\\FatalThrowableError(code: 0): syntax error, unexpected end of file, expecting elseif (T_ELSEIF) or else (T_ELSE) or endif (T_ENDIF) at /opt/lampp/htdocs/UCSM_VotingAndQuiz_Project/UCSM_Voting/storage/framework/views/1aff80e97374e0e6dacf0f2ac5d4c4aa55bed9f1.php:280)
[stacktrace]
#0 /opt/lampp/htdocs/UCSM_VotingAndQuiz_Project/UCSM_Voting/vendor/laravel/framework/src/Illuminate/View/Engines/PhpEngine.php(47): Illuminate\\View\\Engines\\CompilerEngine->handleViewException(Object(Symfony\\Component\\Debug\\Exception\\FatalThrowableError), 1)
#1 /opt/lampp/htdocs/UCSM_VotingAndQuiz_Project/UCSM_Voting/vendor/laravel/framework/src/Illuminate/View/Engines/CompilerEngine.php(59): Illuminate\\View\\Engines\\PhpEngine->evaluatePath('/opt/lampp/htdo...', Array)
#2 /opt/lampp/htdocs/UCSM_VotingAndQuiz_Project/UCSM_Voting/vendor/laravel/framework/src/Illuminate/View/View.php(142): Illuminate\\View\\Engines\\CompilerEngine->get('/opt/lampp/htdo...', Array)
#3 /opt/lampp/htdocs/UCSM_VotingAndQuiz_Project/UCSM_Voting/vendor/laravel/framework/src/Illuminate/View/View.php(125): Illuminate\\View\\View->getContents()
#4 /opt/lampp/htdocs/UCSM_VotingAndQuiz_Project/UCSM_Voting/vendor/laravel/framework/src/Illuminate/View/View.php(90): Illuminate\\View\\View->renderContents()
#5 /opt/lampp/htdocs/UCSM_VotingAndQuiz_Project/UCSM_Voting/vendor/laravel/framework/src/Illuminate/Http/Response.php(42): Illuminate\\View\\View->render()
#6 /opt/lampp/htdocs/UCSM_VotingAndQuiz_Project/UCSM_Voting/vendor/symfony/http-foundation/Response.php(202): Illuminate\\Http\\Response->setContent(Object(Illuminate\\View\\View))
#7 /opt/lampp/htdocs/UCSM_VotingAndQuiz_Project/UCSM_Voting/vendor/laravel/framework/src/Illuminate/Routing/Router.php(750): Symfony\\Component\\HttpFoundation\\Response->__construct(Object(Illuminate\\View\\View))
#8 /opt/lampp/htdocs/UCSM_VotingAndQuiz_Project/UCSM_Voting/vendor/laravel/framework/src/Illuminate/Routing/Router.php(722): Illuminate\\Routing\\Router::toResponse(Object(Illuminate\\Http\\Request), Object(Illuminate\\View\\View))
#9 /opt/lampp/htdocs/UCSM_VotingAndQuiz_Project/UCSM_Voting/vendor/laravel/framework/src/Illuminate/Routing/Router.php(682): Illuminate\\Routing\\Router->prepareResponse(Object(Illuminate\\Http\\Request), Object(Illuminate\\View\\View))
#10 /opt/lampp/htdocs/UCSM_VotingAndQuiz_Project/UCSM_Voting/vendor/laravel/framework/src/Illuminate/Routing/Pipeline.php(30): Illuminate\\Routing\\Router->Illuminate\\Routing\\{closure}(Object(Illuminate\\Http\\Request))
#11 /opt/lampp/htdocs/UCSM_VotingAndQuiz_Project/UCSM_Voting/vendor/laravel/framework/src/Illuminate/Routing/Middleware/SubstituteBindings.php(41): Illuminate\\Routing\\Pipeline->Illuminate\\Routing\\{closure}(Object(Illuminate\\Http\\Request))
#12 /opt/lampp/htdocs/UCSM_VotingAndQuiz_Project/UCSM_Voting/vendor/laravel/framework/src/Illuminate/Pipeline/Pipeline.php(151): Illuminate\\Routing\\Middleware\\SubstituteBindings->handle(Object(Illuminate\\Http\\Request), Object(Closure))
#13 /opt/lampp/htdocs/UCSM_VotingAndQuiz_Project/UCSM_Voting/vendor/laravel/framework/src/Illuminate/Routing/Pipeline.php(53): Illuminate\\Pipeline\\Pipeline->Illuminate\\Pipeline\\{closure}(Object(Illuminate\\Http\\Request))
#14 /opt/lampp/htdocs/UCSM_VotingAndQuiz_Project/UCSM_Voting/vendor/laravel/framework/src/Illuminate/Auth/Middleware/Authenticate.php(43): Illuminate\\Routing\\Pipeline->Illuminate\\Routing\\{closure}(Object(Illuminate\\Http\\Request))
#15 /opt/lampp/htdocs/UCSM_VotingAndQuiz_Project/UCSM_Voting/vendor/laravel/framework/src/Illuminate/Pipeline/Pipeline.php(151): Illuminate\\Auth\\Middleware\\Authenticate->handle(Object(Illuminate\\Http\\Request), Object(Closure), 'code')
#16 /opt/lampp/htdocs/UCSM_VotingAndQuiz_Project/UCSM_Voting/vendor/laravel/framework/src/Illuminate/Routing/Pipeline.php(53): Illuminate\\Pipeline\\Pipeline->Illuminate\\Pipeline\\{closure}(Object(Illuminate\\Http\\Request))
#17 /opt/lampp/htdocs/UCSM_VotingAndQuiz_Project/UCSM_Voting/vendor/laravel/framework/src/Illuminate/Foundation/Http/Middleware/VerifyCsrfToken.php(75): Illuminate\\Routing\\Pipeline->Illuminate\\Routing\\{closure}(Object(Illuminate\\Http\\Request))
#18 /opt/lampp/htdocs/UCSM_VotingAndQuiz_Project/UCSM_Voting/vendor/laravel/framework/src/Illuminate/Pipeline/Pipeline.php(151): Illuminate\\Foundation\\Http\\Middleware\\VerifyCsrfToken->handle(Object(Illuminate\\Http\\Request), Object(Closure))
#19 /opt/lampp/htdocs/UCSM_VotingAndQuiz_Project/UCSM_Voting/vendor/laravel/framework/src/Illuminate/Routing/Pipeline.php(53): Illuminate\\Pipeline\\Pipeline->Illuminate\\Pipeline\\{closure}(Object(Illuminate\\Http\\Request))
#20 /opt/lampp/htdocs/UCSM_VotingAndQuiz_Project/UCSM_Voting/vendor/laravel/framework/src/Illuminate/View/Middleware/ShareErrorsFromSession.php(49): Illuminate\\Routing\\Pipeline->Illuminate\\Routing\\{closure}(Object(Illuminate\\Http\\Request))
#21 /opt/lampp/htdocs/UCSM_VotingAndQuiz_Project/UCSM_Voting/vendor/laravel/framework/src/Illuminate/Pipeline/Pipeline.php(151): Illuminate\\View\\Middleware\\ShareErrorsFromSession->handle(Object(Illuminate\\Http\\Request), Object(Closure))
#22 /opt/lampp/htdocs/UCSM_VotingAndQuiz_Project/UCSM_Voting/vendor/laravel/framework/src/Illuminate/Routing/Pipeline.php(53): Illuminate\\Pipeline\\Pipeline->Illuminate\\Pipeline\\{closure}(Object(Illuminate\\Http\\Request))
#23 /opt/lampp/htdocs/UCSM_VotingAndQuiz_Project/UCSM_Voting/vendor/laravel/framework/src/Illuminate/Session/Middleware/StartSession.php(63): Illuminate\\Routing\\Pipeline->Illuminate\\Routing\\{closure}(Object(Illuminate\\Http\\Request))
#24 /opt/lampp/htdocs/UCSM_VotingAndQuiz_Project/UCSM_Voting/vendor/laravel/framework/src/Illuminate/Pipeline/Pipeline.php(151): Illuminate\\Session\\Middleware\\StartSession->handle(Object(Illuminate\\Http\\Request), Object(Closure))
#25 /opt/lampp/htdocs/UCSM_VotingAndQuiz_Project/UCSM_Voting/vendor/laravel/framework/src/Illuminate/Routing/Pipeline.php(53): Illuminate\\Pipeline\\Pipeline->Illuminate\\Pipeline\\{closure}(Object(Illuminate\\Http\\Request))
#26 /opt/lampp/htdocs/UCSM_VotingAndQuiz_Project/UCSM_Voting/vendor/laravel/framework/src/Illuminate/Cookie/Middleware/AddQueuedCookiesToResponse.php(37): Illuminate\\Routing\\Pipeline->Illuminate\\Routing\\{closure}(Object(Illuminate\\Http\\Request))
#27 /opt/lampp/htdocs/UCSM_VotingAndQuiz_Project/UCSM_Voting/vendor/laravel/framework/src/Illuminate/Pipeline/Pipeline.php(151): Illuminate\\Cookie\\Middleware\\AddQueuedCookiesToResponse->handle(Object(Illuminate\\Http\\Request), Object(Closure))
#28 /opt/lampp/htdocs/UCSM_VotingAndQuiz_Project/UCSM_Voting/vendor/laravel/framework/src/Illuminate/Routing/Pipeline.php(53): Illuminate\\Pipeline\\Pipeline->Illuminate\\Pipeline\\{closure}(Object(Illuminate\\Http\\Request))
#29 /opt/lampp/htdocs/UCSM_VotingAndQuiz_Project/UCSM_Voting/vendor/laravel/framework/src/Illuminate/Cookie/Middleware/EncryptCookies.php(66): Illuminate\\Routing\\Pipeline->Illuminate\\Routing\\{closure}(Object(Illuminate\\Http\\Request))
#30 /opt/lampp/htdocs/UCSM_VotingAndQuiz_Project/UCSM_Voting/vendor/laravel/framework/src/Illuminate/Pipeline/Pipeline.php(151): Illuminate\\Cookie\\Middleware\\EncryptCookies->handle(Object(Illuminate\\Http\\Request), Object(Closure))
#31 /opt/lampp/htdocs/UCSM_VotingAndQuiz_Project/UCSM_Voting/vendor/laravel/framework/src/Illuminate/Routing/Pipeline.php(53): Illuminate\\Pipeline\\Pipeline->Illuminate\\Pipeline\\{closure}(Object(Illuminate\\Http\\Request))
#32 /opt/lampp/htdocs/UCSM_VotingAndQuiz_Project/UCSM_Voting/vendor/laravel/framework/src/Illuminate/Pipeline/Pipeline.php(104): Illuminate\\Routing\\Pipeline->Illuminate\\Routing\\{closure}(Object(Illuminate\\Http\\Request))
#33 /opt/lampp/htdocs/UCSM_VotingAndQuiz_Project/UCSM_Voting/vendor/laravel/framework/src/Illuminate/Routing/Router.php(684): Illuminate\\Pipeline\\Pipeline->then(Object(Closure))
#34 /opt/lampp/htdocs/UCSM_VotingAndQuiz_Project/UCSM_Voting/vendor/laravel/framework/src/Illuminate/Routing/Router.php(659): Illuminate\\Routing\\Router->runRouteWithinStack(Object(Illuminate\\Routing\\Route), Object(Illuminate\\Http\\Request))
#35 /opt/lampp/htdocs/UCSM_VotingAndQuiz_Project/UCSM_Voting/vendor/laravel/framework/src/Illuminate/Routing/Router.php(625): Illuminate\\Routing\\Router->runRoute(Object(Illuminate\\Http\\Request), Object(Illuminate\\Routing\\Route))
#36 /opt/lampp/htdocs/UCSM_VotingAndQuiz_Project/UCSM_Voting/vendor/laravel/framework/src/Illuminate/Routing/Router.php(614): Illuminate\\Routing\\Router->dispatchToRoute(Object(Illuminate\\Http\\Request))
#37 /opt/lampp/htdocs/UCSM_VotingAndQuiz_Project/UCSM_Voting/vendor/laravel/framework/src/Illuminate/Foundation/Http/Kernel.php(176): Illuminate\\Routing\\Router->dispatch(Object(Illuminate\\Http\\Request))
#38 /opt/lampp/htdocs/UCSM_VotingAndQuiz_Project/UCSM_Voting/vendor/laravel/framework/src/Illuminate/Routing/Pipeline.php(30): Illuminate\\Foundation\\Http\\Kernel->Illuminate\\Foundation\\Http\\{closure}(Object(Illuminate\\Http\\Request))
#39 /opt/lampp/htdocs/UCSM_VotingAndQuiz_Project/UCSM_Voting/vendor/fideloper/proxy/src/TrustProxies.php(57): Illuminate\\Routing\\Pipeline->Illuminate\\Routing\\{closure}(Object(Illuminate\\Http\\Request))
#40 /opt/lampp/htdocs/UCSM_VotingAndQuiz_Project/UCSM_Voting/vendor/laravel/framework/src/Illuminate/Pipeline/Pipeline.php(151): Fideloper\\Proxy\\TrustProxies->handle(Object(Illuminate\\Http\\Request), Object(Closure))
#41 /opt/lampp/htdocs/UCSM_VotingAndQuiz_Project/UCSM_Voting/vendor/laravel/framework/src/Illuminate/Routing/Pipeline.php(53): Illuminate\\Pipeline\\Pipeline->Illuminate\\Pipeline\\{closure}(Object(Illuminate\\Http\\Request))
#42 /opt/lampp/htdocs/UCSM_VotingAndQuiz_Project/UCSM_Voting/vendor/laravel/framework/src/Illuminate/Foundation/Http/Middleware/TransformsRequest.php(31): Illuminate\\Routing\\Pipeline->Illuminate\\Routing\\{closure}(Object(Illuminate\\Http\\Request))
#43 /opt/lampp/htdocs/UCSM_VotingAndQuiz_Project/UCSM_Voting/vendor/laravel/framework/src/Illuminate/Pipeline/Pipeline.php(151): Illuminate\\Foundation\\Http\\Middleware\\TransformsRequest->handle(Object(Illuminate\\Http\\Request), Object(Closure))
#44 /opt/lampp/htdocs/UCSM_VotingAndQuiz_Project/UCSM_Voting/vendor/laravel/framework/src/Illuminate/Routing/Pipeline.php(53): Illuminate\\Pipeline\\Pipeline->Illuminate\\Pipeline\\{closure}(Object(Illuminate\\Http\\Request))
#45 /opt/lampp/htdocs/UCSM_VotingAndQuiz_Project/UCSM_Voting/vendor/laravel/framework/src/Illuminate/Foundation/Http/Middleware/TransformsRequest.php(31): Illuminate\\Routing\\Pipeline->Illuminate\\Routing\\{closure}(Object(Illuminate\\Http\\Request))
#46 /opt/lampp/htdocs/UCSM_VotingAndQuiz_Project/UCSM_Voting/vendor/laravel/framework/src/Illuminate/Pipeline/Pipeline.php(151): Illuminate\\Foundation\\Http\\Middleware\\TransformsRequest->handle(Object(Illuminate\\Http\\Request), Object(Closure))
#47 /opt/lampp/htdocs/UCSM_VotingAndQuiz_Project/UCSM_Voting/vendor/laravel/framework/src/Illuminate/Routing/Pipeline.php(53): Illuminate\\Pipeline\\Pipeline->Illuminate\\Pipeline\\{closure}(Object(Illuminate\\Http\\Request))
#48 /opt/lampp/htdocs/UCSM_VotingAndQuiz_Project/UCSM_Voting/vendor/laravel/framework/src/Illuminate/Foundation/Http/Middleware/ValidatePostSize.php(27): Illuminate\\Routing\\Pipeline->Illuminate\\Routing\\{closure}(Object(Illuminate\\Http\\Request))
#49 /opt/lampp/htdocs/UCSM_VotingAndQuiz_Project/UCSM_Voting/vendor/laravel/framework/src/Illuminate/Pipeline/Pipeline.php(151): Illuminate\\Foundation\\Http\\Middleware\\ValidatePostSize->handle(Object(Illuminate\\Http\\Request), Object(Closure))
#50 /opt/lampp/htdocs/UCSM_VotingAndQuiz_Project/UCSM_Voting/vendor/laravel/framework/src/Illuminate/Routing/Pipeline.php(53): Illuminate\\Pipeline\\Pipeline->Illuminate\\Pipeline\\{closure}(Object(Illuminate\\Http\\Request))
#51 /opt/lampp/htdocs/UCSM_VotingAndQuiz_Project/UCSM_Voting/vendor/laravel/framework/src/Illuminate/Foundation/Http/Middleware/CheckForMaintenanceMode.php(62): Illuminate\\Routing\\Pipeline->Illuminate\\Routing\\{closure}(Object(Illuminate\\Http\\Request))
#52 /opt/lampp/htdocs/UCSM_VotingAndQuiz_Project/UCSM_Voting/vendor/laravel/framework/src/Illuminate/Pipeline/Pipeline.php(151): Illuminate\\Foundation\\Http\\Middleware\\CheckForMaintenanceMode->handle(Object(Illuminate\\Http\\Request), Object(Closure))
#53 /opt/lampp/htdocs/UCSM_VotingAndQuiz_Project/UCSM_Voting/vendor/laravel/framework/src/Illuminate/Routing/Pipeline.php(53): Illuminate\\Pipeline\\Pipeline->Illuminate\\Pipeline\\{closure}(Object(Illuminate\\Http\\Request))
#54 /opt/lampp/htdocs/UCSM_VotingAndQuiz_Project/UCSM_Voting/vendor/laravel/framework/src/Illuminate/Pipeline/Pipeline.php(104): Illuminate\\Routing\\Pipeline->Illuminate\\Routing\\{closure}(Object(Illuminate\\Http\\Request))
#55 /opt/lampp/htdocs/UCSM_VotingAndQuiz_Project/UCSM_Voting/vendor/laravel/framework/src/Illuminate/Foundation/Http/Kernel.php(151): Illuminate\\Pipeline\\Pipeline->then(Object(Closure))
#56 /opt/lampp/htdocs/UCSM_VotingAndQuiz_Project/UCSM_Voting/vendor/laravel/framework/src/Illuminate/Foundation/Http/Kernel.php(116): Illuminate\\Foundation\\Http\\Kernel->sendRequestThroughRouter(Object(Illuminate\\Http\\Request))
#57 /opt/lampp/htdocs/UCSM_VotingAndQuiz_Project/UCSM_Voting/public/index.php(55): Illuminate\\Foundation\\Http\\Kernel->handle(Object(Illuminate\\Http\\Request))
#58 {main}
"} 
